{"src/access/AccessController.sol":{"l":{"41":560,"45":559,"49":385,"50":382,"54":102,"60":100,"64":40,"68":38,"72":1107,"76":1173,"80":157,"84":52,"88":352,"92":37,"107":7,"108":7,"109":7,"118":48,"119":48,"120":48,"121":48,"122":44,"126":249,"130":248,"135":247,"136":247,"137":247,"138":247,"139":247,"140":190,"144":133,"145":131,"149":131,"153":130,"154":130,"155":130,"156":130,"157":65,"158":65,"160":65,"172":717,"173":717,"174":716,"175":716,"176":716,"177":716,"181":352,"182":351,"183":350,"184":350,"185":350,"186":350,"190":52,"191":51,"192":50,"193":49,"194":49,"195":45,"199":37,"200":36,"201":34,"202":34,"206":131,"207":195,"208":0,"211":131,"217":130},"path":"/Users/lukewickens-pillar/Documents/etherspot-prime-contracts/src/access/AccessController.sol","s":{"1":560,"2":385,"3":102,"4":40,"5":1107,"6":1173,"7":157,"8":52,"9":352,"10":37,"11":7,"12":7,"13":7,"14":44,"15":249,"16":248,"17":1,"18":247,"19":190,"20":133,"21":131,"22":131,"23":130,"24":130,"25":130,"26":65,"27":65,"28":717,"29":717,"30":716,"31":0,"32":716,"33":352,"34":351,"35":350,"36":350,"37":52,"38":51,"39":50,"40":49,"41":37,"42":36,"43":131,"44":195,"45":0,"46":131,"47":130},"b":{"1":[559,1],"2":[559,0],"3":[382,3],"4":[100,2],"5":[38,0],"6":[0,62],"7":[38,2],"8":[0,38],"9":[157,1],"10":[52,1],"11":[352,0],"12":[37,0],"13":[7,0],"14":[48,1],"15":[249,1],"16":[248,1],"17":[1,247],"18":[133,2],"19":[131,2],"20":[131,0],"21":[130,1],"22":[65,65],"23":[717,0],"24":[716,1],"25":[0,716],"26":[351,1],"27":[350,1],"28":[350,0],"29":[51,1],"30":[50,1],"31":[49,1],"32":[36,1],"33":[0,195]},"f":{"1":560,"2":385,"3":102,"4":40,"5":1107,"6":1173,"7":157,"8":52,"9":352,"10":37,"11":7,"12":48,"13":249,"14":133,"15":717,"16":352,"17":52,"18":37,"19":131,"20":130},"fnMap":{"1":{"name":"onlyOwner","line":40,"loc":{"start":{"line":40,"column":4},"end":{"line":46,"column":4}}},"2":{"name":"onlyGuardian","line":48,"loc":{"start":{"line":48,"column":4},"end":{"line":51,"column":4}}},"3":{"name":"onlyOwnerOrGuardian","line":53,"loc":{"start":{"line":53,"column":4},"end":{"line":61,"column":4}}},"4":{"name":"onlyOwnerOrEntryPoint","line":63,"loc":{"start":{"line":63,"column":4},"end":{"line":69,"column":4}}},"5":{"name":"isOwner","line":71,"loc":{"start":{"line":71,"column":4},"end":{"line":73,"column":4}}},"6":{"name":"isGuardian","line":75,"loc":{"start":{"line":75,"column":4},"end":{"line":77,"column":4}}},"7":{"name":"addOwner","line":79,"loc":{"start":{"line":79,"column":4},"end":{"line":81,"column":4}}},"8":{"name":"removeOwner","line":83,"loc":{"start":{"line":83,"column":4},"end":{"line":85,"column":4}}},"9":{"name":"addGuardian","line":87,"loc":{"start":{"line":87,"column":4},"end":{"line":89,"column":4}}},"10":{"name":"removeGuardian","line":91,"loc":{"start":{"line":91,"column":4},"end":{"line":93,"column":4}}},"11":{"name":"getProposal","line":95,"loc":{"start":{"line":95,"column":4},"end":{"line":115,"column":4}}},"12":{"name":"discardCurrentProposal","line":117,"loc":{"start":{"line":117,"column":4},"end":{"line":123,"column":4}}},"13":{"name":"guardianPropose","line":125,"loc":{"start":{"line":125,"column":4},"end":{"line":141,"column":4}}},"14":{"name":"guardianCosign","line":143,"loc":{"start":{"line":143,"column":4},"end":{"line":166,"column":4}}},"15":{"name":"_addOwner","line":170,"loc":{"start":{"line":170,"column":4},"end":{"line":178,"column":4}}},"16":{"name":"_addGuardian","line":180,"loc":{"start":{"line":180,"column":4},"end":{"line":187,"column":4}}},"17":{"name":"_removeOwner","line":189,"loc":{"start":{"line":189,"column":4},"end":{"line":196,"column":4}}},"18":{"name":"_removeGuardian","line":198,"loc":{"start":{"line":198,"column":4},"end":{"line":203,"column":4}}},"19":{"name":"_checkIfSigned","line":205,"loc":{"start":{"line":205,"column":4},"end":{"line":212,"column":4}}},"20":{"name":"_checkQuorumReached","line":214,"loc":{"start":{"line":214,"column":4},"end":{"line":220,"column":4}}}},"statementMap":{"1":{"start":{"line":41,"column":8},"end":{"line":41,"column":1159}},"2":{"start":{"line":49,"column":8},"end":{"line":49,"column":61}},"3":{"start":{"line":54,"column":8},"end":{"line":54,"column":1449}},"4":{"start":{"line":64,"column":8},"end":{"line":64,"column":1718}},"5":{"start":{"line":72,"column":8},"end":{"line":72,"column":31}},"6":{"start":{"line":76,"column":8},"end":{"line":76,"column":34}},"7":{"start":{"line":80,"column":8},"end":{"line":80,"column":27}},"8":{"start":{"line":84,"column":8},"end":{"line":84,"column":27}},"9":{"start":{"line":88,"column":8},"end":{"line":88,"column":33}},"10":{"start":{"line":92,"column":8},"end":{"line":92,"column":33}},"11":{"start":{"line":107,"column":8},"end":{"line":107,"column":70}},"12":{"start":{"line":108,"column":8},"end":{"line":108,"column":65}},"13":{"start":{"line":109,"column":8},"end":{"line":109,"column":2933}},"14":{"start":{"line":122,"column":8},"end":{"line":122,"column":42}},"15":{"start":{"line":126,"column":8},"end":{"line":126,"column":3514}},"16":{"start":{"line":130,"column":8},"end":{"line":130,"column":3698}},"17":{"start":{"line":133,"column":10},"end":{"line":133,"column":57}},"18":{"start":{"line":137,"column":8},"end":{"line":137,"column":63}},"19":{"start":{"line":140,"column":8},"end":{"line":140,"column":65}},"20":{"start":{"line":144,"column":8},"end":{"line":144,"column":70}},"21":{"start":{"line":145,"column":8},"end":{"line":145,"column":4322}},"22":{"start":{"line":149,"column":8},"end":{"line":149,"column":4445}},"23":{"start":{"line":153,"column":8},"end":{"line":153,"column":64}},"24":{"start":{"line":155,"column":8},"end":{"line":155,"column":66}},"25":{"start":{"line":156,"column":8},"end":{"line":156,"column":4750}},"26":{"start":{"line":158,"column":12},"end":{"line":158,"column":30}},"27":{"start":{"line":160,"column":12},"end":{"line":160,"column":4908}},"28":{"start":{"line":172,"column":8},"end":{"line":172,"column":61}},"29":{"start":{"line":173,"column":8},"end":{"line":173,"column":57}},"30":{"start":{"line":174,"column":8},"end":{"line":174,"column":75}},"31":{"start":{"line":174,"column":35},"end":{"line":174,"column":74}},"32":{"start":{"line":175,"column":8},"end":{"line":175,"column":34}},"33":{"start":{"line":181,"column":8},"end":{"line":181,"column":64}},"34":{"start":{"line":182,"column":8},"end":{"line":182,"column":66}},"35":{"start":{"line":183,"column":8},"end":{"line":183,"column":72}},"36":{"start":{"line":184,"column":8},"end":{"line":184,"column":40}},"37":{"start":{"line":190,"column":8},"end":{"line":190,"column":59}},"38":{"start":{"line":191,"column":8},"end":{"line":191,"column":58}},"39":{"start":{"line":192,"column":8},"end":{"line":192,"column":66}},"40":{"start":{"line":193,"column":8},"end":{"line":193,"column":33}},"41":{"start":{"line":199,"column":8},"end":{"line":199,"column":67}},"42":{"start":{"line":200,"column":8},"end":{"line":200,"column":39}},"43":{"start":{"line":206,"column":8},"end":{"line":206,"column":6628}},"44":{"start":{"line":207,"column":12},"end":{"line":207,"column":6717}},"45":{"start":{"line":208,"column":16},"end":{"line":208,"column":27}},"46":{"start":{"line":211,"column":8},"end":{"line":211,"column":20}},"47":{"start":{"line":217,"column":8},"end":{"line":217,"column":6985}}},"branchMap":{"1":{"line":41,"type":"if","locations":[{"start":{"line":41,"column":8},"end":{"line":41,"column":8}},{"start":{"line":41,"column":8},"end":{"line":41,"column":8}}]},"2":{"line":42,"type":"cond-expr","locations":[{"start":{"line":42,"column":12},"end":{"line":42,"column":30}},{"start":{"line":42,"column":35},"end":{"line":42,"column":61}}]},"3":{"line":49,"type":"if","locations":[{"start":{"line":49,"column":8},"end":{"line":49,"column":8}},{"start":{"line":49,"column":8},"end":{"line":49,"column":8}}]},"4":{"line":54,"type":"if","locations":[{"start":{"line":54,"column":8},"end":{"line":54,"column":8}},{"start":{"line":54,"column":8},"end":{"line":54,"column":8}}]},"5":{"line":55,"type":"cond-expr","locations":[{"start":{"line":55,"column":12},"end":{"line":55,"column":30}},{"start":{"line":56,"column":16},"end":{"line":56,"column":42}}]},"6":{"line":55,"type":"cond-expr","locations":[{"start":{"line":55,"column":12},"end":{"line":56,"column":42}},{"start":{"line":57,"column":16},"end":{"line":57,"column":37}}]},"7":{"line":64,"type":"if","locations":[{"start":{"line":64,"column":8},"end":{"line":64,"column":8}},{"start":{"line":64,"column":8},"end":{"line":64,"column":8}}]},"8":{"line":65,"type":"cond-expr","locations":[{"start":{"line":65,"column":12},"end":{"line":65,"column":36}},{"start":{"line":65,"column":41},"end":{"line":65,"column":59}}]},"9":{"line":79,"type":"if","locations":[{"start":{"line":79,"column":50},"end":{"line":79,"column":50}},{"start":{"line":79,"column":50},"end":{"line":79,"column":50}}]},"10":{"line":83,"type":"if","locations":[{"start":{"line":83,"column":50},"end":{"line":83,"column":50}},{"start":{"line":83,"column":50},"end":{"line":83,"column":50}}]},"11":{"line":87,"type":"if","locations":[{"start":{"line":87,"column":56},"end":{"line":87,"column":56}},{"start":{"line":87,"column":56},"end":{"line":87,"column":56}}]},"12":{"line":91,"type":"if","locations":[{"start":{"line":91,"column":56},"end":{"line":91,"column":56}},{"start":{"line":91,"column":56},"end":{"line":91,"column":56}}]},"13":{"line":107,"type":"if","locations":[{"start":{"line":107,"column":8},"end":{"line":107,"column":8}},{"start":{"line":107,"column":8},"end":{"line":107,"column":8}}]},"14":{"line":117,"type":"if","locations":[{"start":{"line":117,"column":47},"end":{"line":117,"column":47}},{"start":{"line":117,"column":47},"end":{"line":117,"column":47}}]},"15":{"line":125,"type":"if","locations":[{"start":{"line":125,"column":57},"end":{"line":125,"column":57}},{"start":{"line":125,"column":57},"end":{"line":125,"column":57}}]},"16":{"line":126,"type":"if","locations":[{"start":{"line":126,"column":8},"end":{"line":126,"column":8}},{"start":{"line":126,"column":8},"end":{"line":126,"column":8}}]},"17":{"line":130,"type":"if","locations":[{"start":{"line":130,"column":8},"end":{"line":130,"column":8}},{"start":{"line":130,"column":8},"end":{"line":130,"column":8}}]},"18":{"line":143,"type":"if","locations":[{"start":{"line":143,"column":58},"end":{"line":143,"column":58}},{"start":{"line":143,"column":58},"end":{"line":143,"column":58}}]},"19":{"line":144,"type":"if","locations":[{"start":{"line":144,"column":8},"end":{"line":144,"column":8}},{"start":{"line":144,"column":8},"end":{"line":144,"column":8}}]},"20":{"line":145,"type":"if","locations":[{"start":{"line":145,"column":8},"end":{"line":145,"column":8}},{"start":{"line":145,"column":8},"end":{"line":145,"column":8}}]},"21":{"line":149,"type":"if","locations":[{"start":{"line":149,"column":8},"end":{"line":149,"column":8}},{"start":{"line":149,"column":8},"end":{"line":149,"column":8}}]},"22":{"line":156,"type":"if","locations":[{"start":{"line":156,"column":8},"end":{"line":156,"column":8}},{"start":{"line":156,"column":8},"end":{"line":156,"column":8}}]},"23":{"line":172,"type":"if","locations":[{"start":{"line":172,"column":8},"end":{"line":172,"column":8}},{"start":{"line":172,"column":8},"end":{"line":172,"column":8}}]},"24":{"line":173,"type":"if","locations":[{"start":{"line":173,"column":8},"end":{"line":173,"column":8}},{"start":{"line":173,"column":8},"end":{"line":173,"column":8}}]},"25":{"line":174,"type":"if","locations":[{"start":{"line":174,"column":8},"end":{"line":174,"column":8}},{"start":{"line":174,"column":8},"end":{"line":174,"column":8}}]},"26":{"line":181,"type":"if","locations":[{"start":{"line":181,"column":8},"end":{"line":181,"column":8}},{"start":{"line":181,"column":8},"end":{"line":181,"column":8}}]},"27":{"line":182,"type":"if","locations":[{"start":{"line":182,"column":8},"end":{"line":182,"column":8}},{"start":{"line":182,"column":8},"end":{"line":182,"column":8}}]},"28":{"line":183,"type":"if","locations":[{"start":{"line":183,"column":8},"end":{"line":183,"column":8}},{"start":{"line":183,"column":8},"end":{"line":183,"column":8}}]},"29":{"line":190,"type":"if","locations":[{"start":{"line":190,"column":8},"end":{"line":190,"column":8}},{"start":{"line":190,"column":8},"end":{"line":190,"column":8}}]},"30":{"line":191,"type":"if","locations":[{"start":{"line":191,"column":8},"end":{"line":191,"column":8}},{"start":{"line":191,"column":8},"end":{"line":191,"column":8}}]},"31":{"line":192,"type":"if","locations":[{"start":{"line":192,"column":8},"end":{"line":192,"column":8}},{"start":{"line":192,"column":8},"end":{"line":192,"column":8}}]},"32":{"line":199,"type":"if","locations":[{"start":{"line":199,"column":8},"end":{"line":199,"column":8}},{"start":{"line":199,"column":8},"end":{"line":199,"column":8}}]},"33":{"line":207,"type":"if","locations":[{"start":{"line":207,"column":12},"end":{"line":207,"column":12}},{"start":{"line":207,"column":12},"end":{"line":207,"column":12}}]}}},"src/helpers/UniversalSignatureValidator.sol":{"l":{"21":0,"22":0,"27":0,"30":0,"31":0,"32":0,"33":0,"38":0,"39":0,"42":0,"45":0,"49":0,"50":0,"53":0,"55":0,"62":0,"68":0,"70":0,"75":0,"79":0,"80":0,"81":0,"82":0,"83":0,"85":0,"93":0,"101":0,"104":0,"107":0,"108":0,"111":0,"121":0,"122":0,"127":0},"path":"/Users/lukewickens-pillar/Documents/etherspot-prime-contracts/src/helpers/UniversalSignatureValidator.sol","s":{"1":0,"2":0,"3":0,"4":0,"5":0,"6":0,"7":0,"8":0,"9":0,"10":0,"11":0,"12":0,"13":0,"14":0,"15":0,"16":0,"17":0,"18":0,"19":0,"20":0,"21":0,"22":0,"23":0,"24":0,"25":0,"26":0,"27":0,"28":0,"29":0},"b":{"1":[0,0],"2":[0,0],"3":[0,0],"4":[0,0],"5":[0,0],"6":[0,0],"7":[0,0],"8":[0,0],"9":[0,0]},"f":{"1":0,"2":0,"3":0,"4":0},"fnMap":{"1":{"name":"isValidSigImpl","line":15,"loc":{"start":{"line":15,"column":4},"end":{"line":86,"column":4}}},"2":{"name":"isValidSigWithSideEffects","line":88,"loc":{"start":{"line":88,"column":4},"end":{"line":94,"column":4}}},"3":{"name":"isValidSig","line":96,"loc":{"start":{"line":96,"column":4},"end":{"line":115,"column":4}}},"4":{"name":"constructor","line":120,"loc":{"start":{"line":120,"column":4},"end":{"line":131,"column":4}}}},"statementMap":{"1":{"start":{"line":21,"column":8},"end":{"line":21,"column":59}},"2":{"start":{"line":22,"column":8},"end":{"line":22,"column":34}},"3":{"start":{"line":27,"column":8},"end":{"line":27,"column":1226}},"4":{"start":{"line":30,"column":8},"end":{"line":30,"column":1342}},"5":{"start":{"line":31,"column":12},"end":{"line":31,"column":34}},"6":{"start":{"line":32,"column":12},"end":{"line":32,"column":40}},"7":{"start":{"line":38,"column":12},"end":{"line":38,"column":1645}},"8":{"start":{"line":39,"column":16},"end":{"line":39,"column":1694}},"9":{"start":{"line":42,"column":16},"end":{"line":42,"column":61}},"10":{"start":{"line":49,"column":8},"end":{"line":49,"column":1986}},"11":{"start":{"line":50,"column":12},"end":{"line":50,"column":2049}},"12":{"start":{"line":53,"column":16},"end":{"line":53,"column":60}},"13":{"start":{"line":55,"column":16},"end":{"line":55,"column":2257}},"14":{"start":{"line":68,"column":16},"end":{"line":68,"column":30}},"15":{"start":{"line":75,"column":8},"end":{"line":75,"column":2881}},"16":{"start":{"line":79,"column":8},"end":{"line":79,"column":45}},"17":{"start":{"line":80,"column":8},"end":{"line":80,"column":46}},"18":{"start":{"line":81,"column":8},"end":{"line":81,"column":39}},"19":{"start":{"line":82,"column":8},"end":{"line":82,"column":3155}},"20":{"start":{"line":83,"column":12},"end":{"line":83,"column":66}},"21":{"start":{"line":85,"column":8},"end":{"line":85,"column":51}},"22":{"start":{"line":93,"column":8},"end":{"line":93,"column":68}},"23":{"start":{"line":101,"column":8},"end":{"line":101,"column":3698}},"24":{"start":{"line":104,"column":12},"end":{"line":104,"column":26}},"25":{"start":{"line":107,"column":12},"end":{"line":107,"column":35}},"26":{"start":{"line":108,"column":12},"end":{"line":108,"column":4064}},"27":{"start":{"line":108,"column":26},"end":{"line":108,"column":49}},"28":{"start":{"line":121,"column":8},"end":{"line":121,"column":69}},"29":{"start":{"line":122,"column":8},"end":{"line":122,"column":4644}}},"branchMap":{"1":{"line":30,"type":"if","locations":[{"start":{"line":30,"column":8},"end":{"line":30,"column":8}},{"start":{"line":30,"column":8},"end":{"line":30,"column":8}}]},"2":{"line":38,"type":"if","locations":[{"start":{"line":38,"column":12},"end":{"line":38,"column":12}},{"start":{"line":38,"column":12},"end":{"line":38,"column":12}}]},"3":{"line":42,"type":"if","locations":[{"start":{"line":42,"column":16},"end":{"line":42,"column":16}},{"start":{"line":42,"column":16},"end":{"line":42,"column":16}}]},"4":{"line":49,"type":"if","locations":[{"start":{"line":49,"column":8},"end":{"line":49,"column":8}},{"start":{"line":49,"column":8},"end":{"line":49,"column":8}}]},"5":{"line":49,"type":"cond-expr","locations":[{"start":{"line":49,"column":12},"end":{"line":49,"column":27}},{"start":{"line":49,"column":32},"end":{"line":49,"column":50}}]},"6":{"line":55,"type":"if","locations":[{"start":{"line":55,"column":16},"end":{"line":55,"column":16}},{"start":{"line":55,"column":16},"end":{"line":55,"column":16}}]},"7":{"line":75,"type":"if","locations":[{"start":{"line":75,"column":8},"end":{"line":75,"column":8}},{"start":{"line":75,"column":8},"end":{"line":75,"column":8}}]},"8":{"line":82,"type":"if","locations":[{"start":{"line":82,"column":8},"end":{"line":82,"column":8}},{"start":{"line":82,"column":8},"end":{"line":82,"column":8}}]},"9":{"line":108,"type":"if","locations":[{"start":{"line":108,"column":12},"end":{"line":108,"column":12}},{"start":{"line":108,"column":12},"end":{"line":108,"column":12}}]}}},"src/interfaces/IERC721Wallet.sol":{"l":{},"path":"/Users/lukewickens-pillar/Documents/etherspot-prime-contracts/src/interfaces/IERC721Wallet.sol","s":{},"b":{},"f":{},"fnMap":{},"statementMap":{},"branchMap":{}},"src/interfaces/IEtherspotPaymaster.sol":{"l":{},"path":"/Users/lukewickens-pillar/Documents/etherspot-prime-contracts/src/interfaces/IEtherspotPaymaster.sol","s":{},"b":{},"f":{},"fnMap":{},"statementMap":{},"branchMap":{}},"src/interfaces/IEtherspotWallet.sol":{"l":{},"path":"/Users/lukewickens-pillar/Documents/etherspot-prime-contracts/src/interfaces/IEtherspotWallet.sol","s":{},"b":{},"f":{},"fnMap":{},"statementMap":{},"branchMap":{}},"src/interfaces/IWhitelist.sol":{"l":{},"path":"/Users/lukewickens-pillar/Documents/etherspot-prime-contracts/src/interfaces/IWhitelist.sol","s":{},"b":{},"f":{},"fnMap":{},"statementMap":{},"branchMap":{}},"src/paymaster/BasePaymaster.sol":{"l":{"20":48,"29":8,"30":8,"45":0,"46":0,"66":0,"68":0,"75":0,"84":195,"91":0,"99":0,"108":0,"113":8},"path":"/Users/lukewickens-pillar/Documents/etherspot-prime-contracts/src/paymaster/BasePaymaster.sol","s":{"1":8,"2":8,"3":0,"4":0,"5":0,"6":0,"7":195,"8":0,"9":0,"10":0,"11":8},"b":{"1":[195,0],"2":[0,0],"3":[0,0],"4":[8,0]},"f":{"1":48,"2":8,"3":0,"4":0,"5":0,"6":195,"7":0,"8":0,"9":0,"10":8},"fnMap":{"1":{"name":"constructor","line":19,"loc":{"start":{"line":19,"column":4},"end":{"line":21,"column":4}}},"2":{"name":"validatePaymasterUserOp","line":24,"loc":{"start":{"line":24,"column":4},"end":{"line":31,"column":4}}},"3":{"name":"postOp","line":40,"loc":{"start":{"line":40,"column":4},"end":{"line":47,"column":4}}},"4":{"name":"_postOp","line":61,"loc":{"start":{"line":61,"column":4},"end":{"line":69,"column":4}}},"5":{"name":"deposit","line":74,"loc":{"start":{"line":74,"column":4},"end":{"line":76,"column":4}}},"6":{"name":"addStake","line":83,"loc":{"start":{"line":83,"column":4},"end":{"line":85,"column":4}}},"7":{"name":"getDeposit","line":90,"loc":{"start":{"line":90,"column":4},"end":{"line":92,"column":4}}},"8":{"name":"unlockStake","line":98,"loc":{"start":{"line":98,"column":4},"end":{"line":100,"column":4}}},"9":{"name":"withdrawStake","line":107,"loc":{"start":{"line":107,"column":4},"end":{"line":109,"column":4}}},"10":{"name":"_requireFromEntryPoint","line":112,"loc":{"start":{"line":112,"column":4},"end":{"line":114,"column":4}}}},"statementMap":{"1":{"start":{"line":29,"column":8},"end":{"line":29,"column":31}},"2":{"start":{"line":30,"column":8},"end":{"line":30,"column":68}},"3":{"start":{"line":45,"column":8},"end":{"line":45,"column":31}},"4":{"start":{"line":46,"column":8},"end":{"line":46,"column":44}},"5":{"start":{"line":68,"column":8},"end":{"line":68,"column":30}},"6":{"start":{"line":75,"column":8},"end":{"line":75,"column":60}},"7":{"start":{"line":84,"column":8},"end":{"line":84,"column":61}},"8":{"start":{"line":91,"column":8},"end":{"line":91,"column":50}},"9":{"start":{"line":99,"column":8},"end":{"line":99,"column":31}},"10":{"start":{"line":108,"column":8},"end":{"line":108,"column":48}},"11":{"start":{"line":113,"column":8},"end":{"line":113,"column":74}}},"branchMap":{"1":{"line":83,"type":"if","locations":[{"start":{"line":83,"column":63},"end":{"line":83,"column":63}},{"start":{"line":83,"column":63},"end":{"line":83,"column":63}}]},"2":{"line":98,"type":"if","locations":[{"start":{"line":98,"column":36},"end":{"line":98,"column":36}},{"start":{"line":98,"column":36},"end":{"line":98,"column":36}}]},"3":{"line":107,"type":"if","locations":[{"start":{"line":107,"column":69},"end":{"line":107,"column":69}},{"start":{"line":107,"column":69},"end":{"line":107,"column":69}}]},"4":{"line":113,"type":"if","locations":[{"start":{"line":113,"column":8},"end":{"line":113,"column":8}},{"start":{"line":113,"column":8},"end":{"line":113,"column":8}}]}}},"src/paymaster/EtherspotPaymaster.sol":{"l":{"37":60,"38":60,"45":14,"49":13,"53":12,"54":12,"58":21,"62":14,"66":60,"72":11,"102":11,"126":8,"128":8,"135":8,"139":7,"142":7,"145":7,"148":6,"149":3,"153":3,"158":2,"161":2,"165":2,"178":9,"182":9,"190":0,"196":0,"197":0,"198":0,"200":0,"204":0},"path":"/Users/lukewickens-pillar/Documents/etherspot-prime-contracts/src/paymaster/EtherspotPaymaster.sol","s":{"1":60,"2":60,"3":14,"4":13,"5":12,"6":12,"7":21,"8":11,"9":11,"10":8,"11":8,"12":7,"13":7,"14":7,"15":6,"16":3,"17":3,"18":2,"19":2,"20":2,"21":0,"22":0,"23":0,"24":0,"25":0,"26":0},"b":{"1":[60,0],"2":[14,0],"3":[13,1],"4":[12,1],"5":[7,1],"6":[0,7],"7":[3,3],"8":[2,1],"9":[0,0]},"f":{"1":48,"2":60,"3":14,"4":21,"5":14,"6":60,"7":11,"8":11,"9":8,"10":9,"11":0},"fnMap":{"1":{"name":"constructor","line":34,"loc":{"start":{"line":34,"column":4},"end":{"line":34,"column":69}}},"2":{"name":"depositFunds","line":36,"loc":{"start":{"line":36,"column":4},"end":{"line":39,"column":4}}},"3":{"name":"withdrawFunds","line":44,"loc":{"start":{"line":41,"column":4},"end":{"line":55,"column":4}}},"4":{"name":"checkSponsorFunds","line":57,"loc":{"start":{"line":57,"column":4},"end":{"line":59,"column":4}}},"5":{"name":"_debitSponsor","line":61,"loc":{"start":{"line":61,"column":4},"end":{"line":63,"column":4}}},"6":{"name":"_creditSponsor","line":65,"loc":{"start":{"line":65,"column":4},"end":{"line":67,"column":4}}},"7":{"name":"_pack","line":69,"loc":{"start":{"line":69,"column":4},"end":{"line":86,"column":4}}},"8":{"name":"getHash","line":95,"loc":{"start":{"line":95,"column":4},"end":{"line":112,"column":4}}},"9":{"name":"_validatePaymasterUserOp","line":121,"loc":{"start":{"line":121,"column":4},"end":{"line":169,"column":4}}},"10":{"name":"parsePaymasterAndData","line":171,"loc":{"start":{"line":171,"column":4},"end":{"line":183,"column":4}}},"11":{"name":"_postOp","line":185,"loc":{"start":{"line":185,"column":4},"end":{"line":206,"column":4}}}},"statementMap":{"1":{"start":{"line":37,"column":8},"end":{"line":37,"column":60}},"2":{"start":{"line":38,"column":8},"end":{"line":38,"column":44}},"3":{"start":{"line":45,"column":8},"end":{"line":45,"column":1694}},"4":{"start":{"line":49,"column":8},"end":{"line":49,"column":1821}},"5":{"start":{"line":53,"column":8},"end":{"line":53,"column":39}},"6":{"start":{"line":54,"column":8},"end":{"line":54,"column":47}},"7":{"start":{"line":58,"column":8},"end":{"line":58,"column":37}},"8":{"start":{"line":72,"column":8},"end":{"line":72,"column":2539}},"9":{"start":{"line":102,"column":8},"end":{"line":102,"column":3689}},"10":{"start":{"line":128,"column":8},"end":{"line":128,"column":4593}},"11":{"start":{"line":135,"column":8},"end":{"line":135,"column":4916}},"12":{"start":{"line":139,"column":8},"end":{"line":139,"column":5087}},"13":{"start":{"line":142,"column":8},"end":{"line":142,"column":40}},"14":{"start":{"line":145,"column":8},"end":{"line":145,"column":59}},"15":{"start":{"line":148,"column":8},"end":{"line":148,"column":5419}},"16":{"start":{"line":149,"column":12},"end":{"line":149,"column":74}},"17":{"start":{"line":153,"column":8},"end":{"line":153,"column":5613}},"18":{"start":{"line":158,"column":8},"end":{"line":158,"column":63}},"19":{"start":{"line":161,"column":8},"end":{"line":161,"column":49}},"20":{"start":{"line":165,"column":8},"end":{"line":165,"column":6076}},"21":{"start":{"line":190,"column":8},"end":{"line":190,"column":6858}},"22":{"start":{"line":196,"column":8},"end":{"line":196,"column":7005}},"23":{"start":{"line":197,"column":12},"end":{"line":197,"column":53}},"24":{"start":{"line":198,"column":12},"end":{"line":198,"column":55}},"25":{"start":{"line":200,"column":12},"end":{"line":200,"column":7192}},"26":{"start":{"line":204,"column":12},"end":{"line":204,"column":53}}},"branchMap":{"1":{"line":36,"type":"if","locations":[{"start":{"line":36,"column":45},"end":{"line":36,"column":45}},{"start":{"line":36,"column":45},"end":{"line":36,"column":45}}]},"2":{"line":44,"type":"if","locations":[{"start":{"line":44,"column":15},"end":{"line":44,"column":15}},{"start":{"line":44,"column":15},"end":{"line":44,"column":15}}]},"3":{"line":45,"type":"if","locations":[{"start":{"line":45,"column":8},"end":{"line":45,"column":8}},{"start":{"line":45,"column":8},"end":{"line":45,"column":8}}]},"4":{"line":49,"type":"if","locations":[{"start":{"line":49,"column":8},"end":{"line":49,"column":8}},{"start":{"line":49,"column":8},"end":{"line":49,"column":8}}]},"5":{"line":135,"type":"if","locations":[{"start":{"line":135,"column":8},"end":{"line":135,"column":8}},{"start":{"line":135,"column":8},"end":{"line":135,"column":8}}]},"6":{"line":136,"type":"cond-expr","locations":[{"start":{"line":136,"column":12},"end":{"line":136,"column":33}},{"start":{"line":136,"column":38},"end":{"line":136,"column":59}}]},"7":{"line":148,"type":"if","locations":[{"start":{"line":148,"column":8},"end":{"line":148,"column":8}},{"start":{"line":148,"column":8},"end":{"line":148,"column":8}}]},"8":{"line":153,"type":"if","locations":[{"start":{"line":153,"column":8},"end":{"line":153,"column":8}},{"start":{"line":153,"column":8},"end":{"line":153,"column":8}}]},"9":{"line":196,"type":"if","locations":[{"start":{"line":196,"column":8},"end":{"line":196,"column":8}},{"start":{"line":196,"column":8},"end":{"line":196,"column":8}}]}}},"src/paymaster/Whitelist.sol":{"l":{"31":3,"35":12,"36":12,"40":0,"41":0,"45":12,"46":10,"50":0,"51":0,"59":33,"63":12,"64":12,"68":12,"72":0,"73":0,"78":12,"79":12,"83":12,"87":0,"88":0},"path":"/Users/lukewickens-pillar/Documents/etherspot-prime-contracts/src/paymaster/Whitelist.sol","s":{"1":3,"2":12,"3":12,"4":0,"5":0,"6":12,"7":10,"8":0,"9":0,"10":33,"11":12,"12":12,"13":0,"14":0,"15":12,"16":12,"17":0,"18":0},"b":{"1":[12,0],"2":[12,0],"3":[12,0],"4":[12,0]},"f":{"1":3,"2":12,"3":0,"4":12,"5":0,"6":33,"7":12,"8":0,"9":12,"10":0},"fnMap":{"1":{"name":"check","line":27,"loc":{"start":{"line":27,"column":4},"end":{"line":32,"column":4}}},"2":{"name":"add","line":34,"loc":{"start":{"line":34,"column":4},"end":{"line":37,"column":4}}},"3":{"name":"addBatch","line":39,"loc":{"start":{"line":39,"column":4},"end":{"line":42,"column":4}}},"4":{"name":"remove","line":44,"loc":{"start":{"line":44,"column":4},"end":{"line":47,"column":4}}},"5":{"name":"removeBatch","line":49,"loc":{"start":{"line":49,"column":4},"end":{"line":52,"column":4}}},"6":{"name":"_check","line":55,"loc":{"start":{"line":55,"column":4},"end":{"line":60,"column":4}}},"7":{"name":"_add","line":62,"loc":{"start":{"line":62,"column":4},"end":{"line":69,"column":4}}},"8":{"name":"_addBatch","line":71,"loc":{"start":{"line":71,"column":4},"end":{"line":75,"column":4}}},"9":{"name":"_remove","line":77,"loc":{"start":{"line":77,"column":4},"end":{"line":84,"column":4}}},"10":{"name":"_removeBatch","line":86,"loc":{"start":{"line":86,"column":4},"end":{"line":90,"column":4}}}},"statementMap":{"1":{"start":{"line":31,"column":8},"end":{"line":31,"column":41}},"2":{"start":{"line":35,"column":8},"end":{"line":35,"column":21}},"3":{"start":{"line":36,"column":8},"end":{"line":36,"column":51}},"4":{"start":{"line":40,"column":8},"end":{"line":40,"column":27}},"5":{"start":{"line":41,"column":8},"end":{"line":41,"column":57}},"6":{"start":{"line":45,"column":8},"end":{"line":45,"column":24}},"7":{"start":{"line":46,"column":8},"end":{"line":46,"column":55}},"8":{"start":{"line":50,"column":8},"end":{"line":50,"column":30}},"9":{"start":{"line":51,"column":8},"end":{"line":51,"column":61}},"10":{"start":{"line":59,"column":8},"end":{"line":59,"column":44}},"11":{"start":{"line":63,"column":8},"end":{"line":63,"column":66}},"12":{"start":{"line":64,"column":8},"end":{"line":64,"column":1783}},"13":{"start":{"line":72,"column":8},"end":{"line":72,"column":2030}},"14":{"start":{"line":73,"column":12},"end":{"line":73,"column":30}},"15":{"start":{"line":78,"column":8},"end":{"line":78,"column":66}},"16":{"start":{"line":79,"column":8},"end":{"line":79,"column":2255}},"17":{"start":{"line":87,"column":8},"end":{"line":87,"column":2501}},"18":{"start":{"line":88,"column":12},"end":{"line":88,"column":33}}},"branchMap":{"1":{"line":63,"type":"if","locations":[{"start":{"line":63,"column":8},"end":{"line":63,"column":8}},{"start":{"line":63,"column":8},"end":{"line":63,"column":8}}]},"2":{"line":64,"type":"if","locations":[{"start":{"line":64,"column":8},"end":{"line":64,"column":8}},{"start":{"line":64,"column":8},"end":{"line":64,"column":8}}]},"3":{"line":78,"type":"if","locations":[{"start":{"line":78,"column":8},"end":{"line":78,"column":8}},{"start":{"line":78,"column":8},"end":{"line":78,"column":8}}]},"4":{"line":79,"type":"if","locations":[{"start":{"line":79,"column":8},"end":{"line":79,"column":8}},{"start":{"line":79,"column":8},"end":{"line":79,"column":8}}]}}},"src/wallet/EtherspotWallet.sol":{"l":{"43":114,"52":26,"60":12,"66":12,"67":24,"68":21,"69":21,"75":13,"79":12,"80":12,"94":0,"95":0,"96":0,"98":0,"102":9,"109":83,"116":0,"123":495,"130":0,"142":0,"151":495,"152":495,"153":495,"157":50,"158":39,"159":0,"169":34,"170":34,"171":2,"172":32,"178":0},"path":"/Users/lukewickens-pillar/Documents/etherspot-prime-contracts/src/wallet/EtherspotWallet.sol","s":{"1":114,"2":26,"3":12,"4":12,"5":24,"6":13,"7":12,"8":0,"9":0,"10":0,"11":0,"12":83,"13":0,"14":495,"15":0,"16":0,"17":495,"18":495,"19":50,"20":39,"21":34,"22":34,"23":2,"24":32},"b":{"1":[26,2],"2":[12,0],"3":[12,0],"4":[13,0],"5":[12,1],"6":[0,0],"7":[495,0],"8":[0,0],"9":[0,39],"10":[2,32],"11":[0,0]},"f":{"1":114,"2":26,"3":12,"4":13,"5":0,"6":83,"7":0,"8":495,"9":0,"10":0,"11":495,"12":50,"13":34,"14":0},"fnMap":{"1":{"name":"constructor","line":42,"loc":{"start":{"line":42,"column":4},"end":{"line":45,"column":4}}},"2":{"name":"execute","line":51,"loc":{"start":{"line":47,"column":4},"end":{"line":53,"column":4}}},"3":{"name":"executeBatch","line":59,"loc":{"start":{"line":55,"column":4},"end":{"line":72,"column":4}}},"4":{"name":"updateEntryPoint","line":74,"loc":{"start":{"line":74,"column":4},"end":{"line":81,"column":4}}},"5":{"name":"isValidSignature","line":90,"loc":{"start":{"line":90,"column":4},"end":{"line":99,"column":4}}},"6":{"name":"entryPoint","line":108,"loc":{"start":{"line":108,"column":4},"end":{"line":110,"column":4}}},"7":{"name":"getDeposit","line":115,"loc":{"start":{"line":115,"column":4},"end":{"line":117,"column":4}}},"8":{"name":"initialize","line":122,"loc":{"start":{"line":119,"column":4},"end":{"line":124,"column":4}}},"9":{"name":"addDeposit","line":129,"loc":{"start":{"line":129,"column":4},"end":{"line":131,"column":4}}},"10":{"name":"withdrawDepositTo","line":141,"loc":{"start":{"line":138,"column":4},"end":{"line":143,"column":4}}},"11":{"name":"_initialize","line":147,"loc":{"start":{"line":147,"column":4},"end":{"line":154,"column":4}}},"12":{"name":"_call","line":156,"loc":{"start":{"line":156,"column":4},"end":{"line":163,"column":4}}},"13":{"name":"_validateSignature","line":165,"loc":{"start":{"line":165,"column":4},"end":{"line":173,"column":4}}},"14":{"name":"_authorizeUpgrade","line":177,"loc":{"start":{"line":175,"column":4},"end":{"line":179,"column":4}}}},"statementMap":{"1":{"start":{"line":43,"column":8},"end":{"line":43,"column":29}},"2":{"start":{"line":52,"column":8},"end":{"line":52,"column":31}},"3":{"start":{"line":60,"column":8},"end":{"line":60,"column":1757}},"4":{"start":{"line":66,"column":8},"end":{"line":66,"column":1974}},"5":{"start":{"line":67,"column":12},"end":{"line":67,"column":44}},"6":{"start":{"line":75,"column":8},"end":{"line":75,"column":2217}},"7":{"start":{"line":79,"column":8},"end":{"line":79,"column":68}},"8":{"start":{"line":94,"column":8},"end":{"line":94,"column":54}},"9":{"start":{"line":95,"column":8},"end":{"line":95,"column":3038}},"10":{"start":{"line":96,"column":12},"end":{"line":96,"column":34}},"11":{"start":{"line":98,"column":8},"end":{"line":98,"column":33}},"12":{"start":{"line":109,"column":8},"end":{"line":109,"column":26}},"13":{"start":{"line":116,"column":8},"end":{"line":116,"column":52}},"14":{"start":{"line":123,"column":8},"end":{"line":123,"column":41}},"15":{"start":{"line":130,"column":8},"end":{"line":130,"column":62}},"16":{"start":{"line":142,"column":8},"end":{"line":142,"column":55}},"17":{"start":{"line":152,"column":8},"end":{"line":152,"column":25}},"18":{"start":{"line":153,"column":8},"end":{"line":153,"column":61}},"19":{"start":{"line":157,"column":8},"end":{"line":157,"column":77}},"20":{"start":{"line":158,"column":8},"end":{"line":158,"column":4722}},"21":{"start":{"line":169,"column":8},"end":{"line":169,"column":58}},"22":{"start":{"line":170,"column":8},"end":{"line":170,"column":5113}},"23":{"start":{"line":171,"column":12},"end":{"line":171,"column":40}},"24":{"start":{"line":172,"column":8},"end":{"line":172,"column":16}}},"branchMap":{"1":{"line":51,"type":"if","locations":[{"start":{"line":51,"column":15},"end":{"line":51,"column":15}},{"start":{"line":51,"column":15},"end":{"line":51,"column":15}}]},"2":{"line":59,"type":"if","locations":[{"start":{"line":59,"column":15},"end":{"line":59,"column":15}},{"start":{"line":59,"column":15},"end":{"line":59,"column":15}}]},"3":{"line":60,"type":"if","locations":[{"start":{"line":60,"column":8},"end":{"line":60,"column":8}},{"start":{"line":60,"column":8},"end":{"line":60,"column":8}}]},"4":{"line":74,"type":"if","locations":[{"start":{"line":74,"column":63},"end":{"line":74,"column":63}},{"start":{"line":74,"column":63},"end":{"line":74,"column":63}}]},"5":{"line":75,"type":"if","locations":[{"start":{"line":75,"column":8},"end":{"line":75,"column":8}},{"start":{"line":75,"column":8},"end":{"line":75,"column":8}}]},"6":{"line":95,"type":"if","locations":[{"start":{"line":95,"column":8},"end":{"line":95,"column":8}},{"start":{"line":95,"column":8},"end":{"line":95,"column":8}}]},"7":{"line":122,"type":"if","locations":[{"start":{"line":122,"column":21},"end":{"line":122,"column":21}},{"start":{"line":122,"column":21},"end":{"line":122,"column":21}}]},"8":{"line":141,"type":"if","locations":[{"start":{"line":141,"column":13},"end":{"line":141,"column":13}},{"start":{"line":141,"column":13},"end":{"line":141,"column":13}}]},"9":{"line":158,"type":"if","locations":[{"start":{"line":158,"column":8},"end":{"line":158,"column":8}},{"start":{"line":158,"column":8},"end":{"line":158,"column":8}}]},"10":{"line":170,"type":"if","locations":[{"start":{"line":170,"column":8},"end":{"line":170,"column":8}},{"start":{"line":170,"column":8},"end":{"line":170,"column":8}}]},"11":{"line":177,"type":"if","locations":[{"start":{"line":177,"column":29},"end":{"line":177,"column":29}},{"start":{"line":177,"column":29},"end":{"line":177,"column":29}}]}}},"src/wallet/EtherspotWalletFactory.sol":{"l":{"20":111,"25":0,"40":485,"41":485,"42":2,"45":483,"47":483,"51":483,"57":483,"65":483,"68":483,"70":483,"87":409,"101":522,"102":522,"105":522,"109":522,"112":522,"125":1005},"path":"/Users/lukewickens-pillar/Documents/etherspot-prime-contracts/src/wallet/EtherspotWalletFactory.sol","s":{"1":0,"2":485,"3":485,"4":2,"5":483,"6":483,"7":483,"8":483,"9":483,"10":409,"11":522,"12":522,"13":522,"14":522,"15":1005},"b":{"1":[2,483],"2":[483,0],"3":[483,0]},"f":{"1":111,"2":0,"3":485,"4":522,"5":1005},"fnMap":{"1":{"name":"constructor","line":19,"loc":{"start":{"line":19,"column":4},"end":{"line":21,"column":4}}},"2":{"name":"accountCreationCode","line":24,"loc":{"start":{"line":24,"column":4},"end":{"line":26,"column":4}}},"3":{"name":"createAccount","line":35,"loc":{"start":{"line":35,"column":4},"end":{"line":88,"column":4}}},"4":{"name":"getAddress","line":96,"loc":{"start":{"line":96,"column":4},"end":{"line":113,"column":4}}},"5":{"name":"getInitializer","line":121,"loc":{"start":{"line":121,"column":4},"end":{"line":126,"column":4}}}},"statementMap":{"1":{"start":{"line":25,"column":8},"end":{"line":25,"column":39}},"2":{"start":{"line":40,"column":8},"end":{"line":40,"column":62}},"3":{"start":{"line":41,"column":8},"end":{"line":41,"column":1353}},"4":{"start":{"line":42,"column":12},"end":{"line":42,"column":26}},"5":{"start":{"line":45,"column":8},"end":{"line":45,"column":68}},"6":{"start":{"line":47,"column":8},"end":{"line":47,"column":1503}},"7":{"start":{"line":51,"column":8},"end":{"line":51,"column":1609}},"8":{"start":{"line":65,"column":8},"end":{"line":65,"column":65}},"9":{"start":{"line":68,"column":8},"end":{"line":68,"column":2122}},"10":{"start":{"line":87,"column":8},"end":{"line":87,"column":47}},"11":{"start":{"line":101,"column":8},"end":{"line":101,"column":68}},"12":{"start":{"line":102,"column":8},"end":{"line":102,"column":3205}},"13":{"start":{"line":105,"column":8},"end":{"line":105,"column":3310}},"14":{"start":{"line":109,"column":8},"end":{"line":109,"column":3457}},"15":{"start":{"line":125,"column":8},"end":{"line":125,"column":78}}},"branchMap":{"1":{"line":41,"type":"if","locations":[{"start":{"line":41,"column":8},"end":{"line":41,"column":8}},{"start":{"line":41,"column":8},"end":{"line":41,"column":8}}]},"2":{"line":65,"type":"if","locations":[{"start":{"line":65,"column":8},"end":{"line":65,"column":8}},{"start":{"line":65,"column":8},"end":{"line":65,"column":8}}]},"3":{"line":68,"type":"if","locations":[{"start":{"line":68,"column":8},"end":{"line":68,"column":8}},{"start":{"line":68,"column":8},"end":{"line":68,"column":8}}]}}},"src/wallet/Proxy.sol":{"l":{"16":483,"17":483,"23":1664,"25":1664},"path":"/Users/lukewickens-pillar/Documents/etherspot-prime-contracts/src/wallet/Proxy.sol","s":{"1":483,"2":1664},"b":{"1":[483,0]},"f":{"1":483,"2":1664},"fnMap":{"1":{"name":"constructor","line":15,"loc":{"start":{"line":15,"column":4},"end":{"line":20,"column":4}}},"2":{"name":null,"line":22,"loc":{"start":{"line":22,"column":4},"end":{"line":35,"column":4}}}},"statementMap":{"1":{"start":{"line":16,"column":8},"end":{"line":16,"column":68}},"2":{"start":{"line":23,"column":8},"end":{"line":23,"column":22}}},"branchMap":{"1":{"line":16,"type":"if","locations":[{"start":{"line":16,"column":8},"end":{"line":16,"column":8}},{"start":{"line":16,"column":8},"end":{"line":16,"column":8}}]}}}}