{"src/bls/BLSAccountFactory.sol":{"l":{"19":0,"33":0,"34":0,"35":0,"36":0,"38":0,"57":0},"path":"/Users/lukewickens-pillar/Documents/etherspot-lite-contracts/src/bls/BLSAccountFactory.sol","s":{"1":0,"2":0,"3":0,"4":0,"5":0,"6":0},"b":{"1":[0,0]},"f":{"1":0,"2":0,"3":0},"fnMap":{"1":{"name":"constructor","line":18,"loc":{"start":{"line":18,"column":4},"end":{"line":20,"column":4}}},"2":{"name":"createAccount","line":29,"loc":{"start":{"line":29,"column":4},"end":{"line":47,"column":4}}},"3":{"name":"getAddress","line":52,"loc":{"start":{"line":52,"column":4},"end":{"line":70,"column":4}}}},"statementMap":{"1":{"start":{"line":33,"column":8},"end":{"line":33,"column":51}},"2":{"start":{"line":34,"column":8},"end":{"line":34,"column":43}},"3":{"start":{"line":35,"column":8},"end":{"line":35,"column":1358}},"4":{"start":{"line":36,"column":12},"end":{"line":36,"column":44}},"5":{"start":{"line":38,"column":8},"end":{"line":38,"column":1447}},"6":{"start":{"line":57,"column":8},"end":{"line":57,"column":2009}}},"branchMap":{"1":{"line":35,"type":"if","locations":[{"start":{"line":35,"column":8},"end":{"line":35,"column":8}},{"start":{"line":35,"column":8},"end":{"line":35,"column":8}}]}}},"src/bls/BLSHelper.sol":{"l":{"24":0,"25":0,"26":0,"28":0,"29":0,"31":0,"32":0,"33":0,"62":0,"63":0,"66":0,"68":0,"69":0,"70":0,"71":0,"74":0,"82":0,"87":0,"89":0,"91":0,"93":0,"95":0,"97":0,"98":0,"100":0,"105":0,"107":0,"108":0,"123":0,"124":0,"125":0,"126":0,"128":0,"136":0,"137":0,"138":0,"139":0,"140":0,"141":0,"142":0,"143":0,"144":0,"147":0,"172":0,"177":0,"178":0,"179":0,"182":0,"184":0,"193":0,"195":0,"201":0,"203":0,"222":0,"223":0,"224":0,"227":0,"229":0,"230":0,"233":0,"236":0,"239":0},"path":"/Users/lukewickens-pillar/Documents/etherspot-lite-contracts/src/bls/BLSHelper.sol","s":{"1":0,"2":0,"3":0,"4":0,"5":0,"6":0,"7":0,"8":0,"9":0,"10":0,"11":0,"12":0,"13":0,"14":0,"15":0,"16":0,"17":0,"18":0,"19":0,"20":0,"21":0,"22":0,"23":0,"24":0,"25":0,"26":0,"27":0,"28":0,"29":0,"30":0,"31":0,"32":0,"33":0,"34":0,"35":0,"36":0,"37":0,"38":0,"39":0,"40":0,"41":0,"42":0},"b":{"1":[0,0],"2":[0,0],"3":[0,0],"4":[0,0],"5":[0,0],"6":[0,0],"7":[0,0],"8":[0,0]},"f":{"1":0,"2":0,"3":0,"4":0,"5":0,"6":0},"fnMap":{"1":{"name":"sum","line":19,"loc":{"start":{"line":19,"column":4},"end":{"line":34,"column":4}}},"2":{"name":"jacAdd","line":45,"loc":{"start":{"line":45,"column":4},"end":{"line":109,"column":4}}},"3":{"name":"toAffine","line":117,"loc":{"start":{"line":117,"column":4},"end":{"line":129,"column":4}}},"4":{"name":"invMod","line":135,"loc":{"start":{"line":135,"column":4},"end":{"line":148,"column":4}}},"5":{"name":"jacDouble","line":157,"loc":{"start":{"line":157,"column":4},"end":{"line":204,"column":4}}},"6":{"name":"ecAdd","line":214,"loc":{"start":{"line":214,"column":4},"end":{"line":240,"column":4}}}},"statementMap":{"1":{"start":{"line":24,"column":8},"end":{"line":24,"column":31}},"2":{"start":{"line":25,"column":8},"end":{"line":25,"column":31}},"3":{"start":{"line":26,"column":8},"end":{"line":26,"column":21}},"4":{"start":{"line":28,"column":8},"end":{"line":28,"column":834}},"5":{"start":{"line":62,"column":8},"end":{"line":62,"column":56}},"6":{"start":{"line":62,"column":34},"end":{"line":62,"column":56}},"7":{"start":{"line":63,"column":8},"end":{"line":63,"column":56}},"8":{"start":{"line":63,"column":34},"end":{"line":63,"column":56}},"9":{"start":{"line":66,"column":8},"end":{"line":66,"column":28}},"10":{"start":{"line":82,"column":8},"end":{"line":82,"column":2505}},"11":{"start":{"line":87,"column":8},"end":{"line":87,"column":28}},"12":{"start":{"line":97,"column":8},"end":{"line":97,"column":72}},"13":{"start":{"line":100,"column":8},"end":{"line":100,"column":3122}},"14":{"start":{"line":107,"column":8},"end":{"line":107,"column":62}},"15":{"start":{"line":108,"column":8},"end":{"line":108,"column":27}},"16":{"start":{"line":123,"column":8},"end":{"line":123,"column":38}},"17":{"start":{"line":124,"column":8},"end":{"line":124,"column":47}},"18":{"start":{"line":125,"column":8},"end":{"line":125,"column":43}},"19":{"start":{"line":126,"column":8},"end":{"line":126,"column":62}},"20":{"start":{"line":128,"column":8},"end":{"line":128,"column":23}},"21":{"start":{"line":136,"column":8},"end":{"line":136,"column":66}},"22":{"start":{"line":137,"column":8},"end":{"line":137,"column":21}},"23":{"start":{"line":138,"column":8},"end":{"line":138,"column":24}},"24":{"start":{"line":139,"column":8},"end":{"line":139,"column":23}},"25":{"start":{"line":140,"column":8},"end":{"line":140,"column":17}},"26":{"start":{"line":141,"column":8},"end":{"line":141,"column":4512}},"27":{"start":{"line":147,"column":8},"end":{"line":147,"column":16}},"28":{"start":{"line":172,"column":8},"end":{"line":172,"column":40}},"29":{"start":{"line":172,"column":21},"end":{"line":172,"column":40}},"30":{"start":{"line":177,"column":8},"end":{"line":177,"column":39}},"31":{"start":{"line":178,"column":8},"end":{"line":178,"column":39}},"32":{"start":{"line":179,"column":8},"end":{"line":179,"column":39}},"33":{"start":{"line":182,"column":8},"end":{"line":182,"column":54}},"34":{"start":{"line":184,"column":8},"end":{"line":184,"column":5823}},"35":{"start":{"line":203,"column":8},"end":{"line":203,"column":24}},"36":{"start":{"line":222,"column":8},"end":{"line":222,"column":21}},"37":{"start":{"line":223,"column":8},"end":{"line":223,"column":21}},"38":{"start":{"line":224,"column":8},"end":{"line":224,"column":21}},"39":{"start":{"line":227,"column":8},"end":{"line":227,"column":7169}},"40":{"start":{"line":229,"column":12},"end":{"line":229,"column":7233}},"41":{"start":{"line":230,"column":16},"end":{"line":230,"column":29}},"42":{"start":{"line":239,"column":8},"end":{"line":239,"column":37}}},"branchMap":{"1":{"line":62,"type":"if","locations":[{"start":{"line":62,"column":8},"end":{"line":62,"column":8}},{"start":{"line":62,"column":8},"end":{"line":62,"column":8}}]},"2":{"line":63,"type":"if","locations":[{"start":{"line":63,"column":8},"end":{"line":63,"column":8}},{"start":{"line":63,"column":8},"end":{"line":63,"column":8}}]},"3":{"line":82,"type":"if","locations":[{"start":{"line":82,"column":8},"end":{"line":82,"column":8}},{"start":{"line":82,"column":8},"end":{"line":82,"column":8}}]},"4":{"line":83,"type":"cond-expr","locations":[{"start":{"line":83,"column":12},"end":{"line":83,"column":25}},{"start":{"line":83,"column":30},"end":{"line":83,"column":43}}]},"5":{"line":136,"type":"if","locations":[{"start":{"line":136,"column":8},"end":{"line":136,"column":8}},{"start":{"line":136,"column":8},"end":{"line":136,"column":8}}]},"6":{"line":172,"type":"if","locations":[{"start":{"line":172,"column":8},"end":{"line":172,"column":8}},{"start":{"line":172,"column":8},"end":{"line":172,"column":8}}]},"7":{"line":227,"type":"if","locations":[{"start":{"line":227,"column":8},"end":{"line":227,"column":8}},{"start":{"line":227,"column":8},"end":{"line":227,"column":8}}]},"8":{"line":229,"type":"if","locations":[{"start":{"line":229,"column":12},"end":{"line":229,"column":12}},{"start":{"line":229,"column":12},"end":{"line":229,"column":12}}]}}},"src/bls/BLSSignatureAggregator.sol":{"l":{"24":0,"25":0,"26":0,"28":0,"40":0,"41":0,"44":0,"58":0,"59":0,"61":0,"62":0,"63":0,"64":0,"65":0,"66":0,"68":0,"70":0,"75":0,"91":0,"117":0,"118":0,"125":0,"126":0,"135":0,"143":0,"144":0,"152":0,"176":0,"181":0,"182":0,"184":0,"185":0,"189":0,"208":0,"209":0,"210":0,"214":0,"216":0,"217":0,"226":0},"path":"/Users/lukewickens-pillar/Documents/etherspot-lite-contracts/src/bls/BLSSignatureAggregator.sol","s":{"1":0,"2":0,"3":0,"4":0,"5":0,"6":0,"7":0,"8":0,"9":0,"10":0,"11":0,"12":0,"13":0,"14":0,"15":0,"16":0,"17":0,"18":0,"19":0,"20":0,"21":0,"22":0,"23":0,"24":0,"25":0,"26":0,"27":0,"28":0,"29":0,"30":0,"31":0,"32":0,"33":0,"34":0,"35":0},"b":{"1":[0,0],"2":[0,0],"3":[0,0],"4":[0,0],"5":[0,0]},"f":{"1":0,"2":0,"3":0,"4":0,"5":0,"6":0,"7":0,"8":0,"9":0,"10":0,"11":0,"12":0},"fnMap":{"1":{"name":"getUserOpPublicKey","line":19,"loc":{"start":{"line":19,"column":4},"end":{"line":30,"column":4}}},"2":{"name":"getTrailingPublicKey","line":35,"loc":{"start":{"line":35,"column":4},"end":{"line":52,"column":4}}},"3":{"name":"validateSignatures","line":54,"loc":{"start":{"line":54,"column":4},"end":{"line":79,"column":4}}},"4":{"name":"internalUserOpHash","line":86,"loc":{"start":{"line":86,"column":4},"end":{"line":106,"column":4}}},"5":{"name":"userOpToMessage","line":112,"loc":{"start":{"line":112,"column":4},"end":{"line":119,"column":4}}},"6":{"name":"_userOpToMessage","line":121,"loc":{"start":{"line":121,"column":4},"end":{"line":127,"column":4}}},"7":{"name":"_getUserOpPubkeyHash","line":130,"loc":{"start":{"line":130,"column":4},"end":{"line":136,"column":4}}},"8":{"name":"getUserOpHash","line":138,"loc":{"start":{"line":138,"column":4},"end":{"line":145,"column":4}}},"9":{"name":"_getUserOpHash","line":147,"loc":{"start":{"line":147,"column":4},"end":{"line":161,"column":4}}},"10":{"name":"validateUserOpSignature","line":171,"loc":{"start":{"line":171,"column":4},"end":{"line":190,"column":4}}},"11":{"name":"aggregateSignatures","line":203,"loc":{"start":{"line":203,"column":4},"end":{"line":218,"column":4}}},"12":{"name":"addStake","line":225,"loc":{"start":{"line":225,"column":4},"end":{"line":227,"column":4}}}},"statementMap":{"1":{"start":{"line":24,"column":8},"end":{"line":24,"column":47}},"2":{"start":{"line":25,"column":8},"end":{"line":25,"column":758}},"3":{"start":{"line":28,"column":12},"end":{"line":28,"column":63}},"4":{"start":{"line":40,"column":8},"end":{"line":40,"column":33}},"5":{"start":{"line":41,"column":8},"end":{"line":41,"column":53}},"6":{"start":{"line":58,"column":8},"end":{"line":58,"column":64}},"7":{"start":{"line":59,"column":8},"end":{"line":59,"column":76}},"8":{"start":{"line":61,"column":8},"end":{"line":61,"column":43}},"9":{"start":{"line":62,"column":8},"end":{"line":62,"column":72}},"10":{"start":{"line":63,"column":8},"end":{"line":63,"column":67}},"11":{"start":{"line":64,"column":8},"end":{"line":64,"column":2180}},"12":{"start":{"line":65,"column":12},"end":{"line":65,"column":52}},"13":{"start":{"line":66,"column":12},"end":{"line":66,"column":63}},"14":{"start":{"line":75,"column":8},"end":{"line":75,"column":2574}},"15":{"start":{"line":91,"column":8},"end":{"line":91,"column":3027}},"16":{"start":{"line":117,"column":8},"end":{"line":117,"column":60}},"17":{"start":{"line":118,"column":8},"end":{"line":118,"column":54}},"18":{"start":{"line":125,"column":8},"end":{"line":125,"column":66}},"19":{"start":{"line":126,"column":8},"end":{"line":126,"column":76}},"20":{"start":{"line":135,"column":8},"end":{"line":135,"column":64}},"21":{"start":{"line":143,"column":8},"end":{"line":143,"column":60}},"22":{"start":{"line":144,"column":8},"end":{"line":144,"column":52}},"23":{"start":{"line":152,"column":8},"end":{"line":152,"column":4921}},"24":{"start":{"line":176,"column":8},"end":{"line":176,"column":5853}},"25":{"start":{"line":181,"column":8},"end":{"line":181,"column":61}},"26":{"start":{"line":182,"column":8},"end":{"line":182,"column":59}},"27":{"start":{"line":184,"column":8},"end":{"line":184,"column":55}},"28":{"start":{"line":185,"column":8},"end":{"line":185,"column":6152}},"29":{"start":{"line":189,"column":8},"end":{"line":189,"column":17}},"30":{"start":{"line":208,"column":8},"end":{"line":208,"column":73}},"31":{"start":{"line":209,"column":8},"end":{"line":209,"column":7045}},"32":{"start":{"line":210,"column":12},"end":{"line":210,"column":7108}},"33":{"start":{"line":216,"column":8},"end":{"line":216,"column":58}},"34":{"start":{"line":217,"column":8},"end":{"line":217,"column":39}},"35":{"start":{"line":226,"column":8},"end":{"line":226,"column":51}}},"branchMap":{"1":{"line":25,"type":"if","locations":[{"start":{"line":25,"column":8},"end":{"line":25,"column":8}},{"start":{"line":25,"column":8},"end":{"line":25,"column":8}}]},"2":{"line":41,"type":"if","locations":[{"start":{"line":41,"column":8},"end":{"line":41,"column":8}},{"start":{"line":41,"column":8},"end":{"line":41,"column":8}}]},"3":{"line":58,"type":"if","locations":[{"start":{"line":58,"column":8},"end":{"line":58,"column":8}},{"start":{"line":58,"column":8},"end":{"line":58,"column":8}}]},"4":{"line":75,"type":"if","locations":[{"start":{"line":75,"column":8},"end":{"line":75,"column":8}},{"start":{"line":75,"column":8},"end":{"line":75,"column":8}}]},"5":{"line":185,"type":"if","locations":[{"start":{"line":185,"column":8},"end":{"line":185,"column":8}},{"start":{"line":185,"column":8},"end":{"line":185,"column":8}}]}}},"src/bls/IBLSAccount.sol":{"l":{},"path":"/Users/lukewickens-pillar/Documents/etherspot-lite-contracts/src/bls/IBLSAccount.sol","s":{},"b":{},"f":{},"fnMap":{},"statementMap":{},"branchMap":{}},"src/bls/lib/BLSOpen.sol":{"l":{"12":0,"13":0,"14":0,"15":0,"17":0,"22":0,"38":0,"43":0,"51":0,"55":0,"56":0,"57":0,"59":0},"path":"/Users/lukewickens-pillar/Documents/etherspot-lite-contracts/src/bls/lib/BLSOpen.sol","s":{"1":0,"2":0,"3":0,"4":0,"5":0,"6":0,"7":0,"8":0,"9":0,"10":0},"b":{},"f":{"1":0,"2":0,"3":0,"4":0},"fnMap":{"1":{"name":"verifySingle","line":7,"loc":{"start":{"line":7,"column":4},"end":{"line":31,"column":4}}},"2":{"name":"verifyMultiple","line":33,"loc":{"start":{"line":33,"column":4},"end":{"line":44,"column":4}}},"3":{"name":"hashToPoint","line":46,"loc":{"start":{"line":46,"column":4},"end":{"line":52,"column":4}}},"4":{"name":"isZeroBLSKey","line":54,"loc":{"start":{"line":54,"column":4},"end":{"line":60,"column":4}}}},"statementMap":{"1":{"start":{"line":12,"column":8},"end":{"line":12,"column":57}},"2":{"start":{"line":13,"column":8},"end":{"line":13,"column":58}},"3":{"start":{"line":17,"column":8},"end":{"line":17,"column":508}},"4":{"start":{"line":22,"column":8},"end":{"line":22,"column":38}},"5":{"start":{"line":38,"column":8},"end":{"line":38,"column":1152}},"6":{"start":{"line":43,"column":8},"end":{"line":43,"column":38}},"7":{"start":{"line":51,"column":8},"end":{"line":51,"column":47}},"8":{"start":{"line":55,"column":8},"end":{"line":55,"column":26}},"9":{"start":{"line":56,"column":8},"end":{"line":56,"column":1638}},"10":{"start":{"line":59,"column":8},"end":{"line":59,"column":21}}},"branchMap":{}},"src/bls/lib/hubble-contracts/contracts/libs/BLS.sol":{"l":{"48":0,"62":0,"63":0,"64":0,"65":0,"70":0,"72":0,"82":0,"83":0,"85":0,"86":0,"89":0,"97":0,"98":0,"99":0,"103":0,"104":0,"105":0,"106":0,"107":0,"108":0,"109":0,"110":0,"111":0,"112":0,"113":0,"114":0,"115":0,"116":0,"117":0,"119":0,"122":0,"125":0,"135":0,"136":0,"138":0,"149":0,"150":0,"151":0,"152":0,"153":0,"154":0,"155":0,"156":0,"157":0,"159":0,"166":0,"167":0,"175":0,"176":0,"178":0,"180":0,"181":0,"182":0,"183":0,"184":0,"185":0,"186":0,"189":0,"190":0,"192":0,"193":0,"194":0,"195":0,"196":0,"197":0,"198":0,"199":0,"201":0,"205":0,"207":0,"208":0,"209":0,"210":0,"211":0,"212":0,"213":0,"215":0,"219":0,"220":0,"221":0,"222":0,"223":0,"225":0,"226":0,"227":0,"228":0,"229":0,"230":0,"231":0,"233":0,"241":0,"242":0,"244":0,"254":0,"271":0,"313":0,"314":0,"318":0,"326":0,"327":0,"328":0,"329":0,"330":0,"332":0,"344":0,"353":0,"354":0,"355":0,"358":0,"380":0,"381":0,"382":0,"386":0,"393":0,"400":0,"403":0,"410":0,"418":0,"421":0,"428":0,"436":0,"439":0,"443":0},"path":"/Users/lukewickens-pillar/Documents/etherspot-lite-contracts/src/bls/lib/hubble-contracts/contracts/libs/BLS.sol","s":{"1":0,"2":0,"3":0,"4":0,"5":0,"6":0,"7":0,"8":0,"9":0,"10":0,"11":0,"12":0,"13":0,"14":0,"15":0,"16":0,"17":0,"18":0,"19":0,"20":0,"21":0,"22":0,"23":0,"24":0,"25":0,"26":0,"27":0,"28":0,"29":0,"30":0,"31":0,"32":0,"33":0,"34":0,"35":0,"36":0,"37":0,"38":0,"39":0,"40":0,"41":0,"42":0,"43":0,"44":0,"45":0,"46":0,"47":0,"48":0,"49":0,"50":0,"51":0,"52":0,"53":0,"54":0,"55":0,"56":0,"57":0,"58":0,"59":0,"60":0,"61":0},"b":{"1":[0,0],"2":[0,0],"3":[0,0],"4":[0,0],"5":[0,0],"6":[0,0],"7":[0,0],"8":[0,0],"9":[0,0],"10":[0,0],"11":[0,0],"12":[0,0],"13":[0,0],"14":[0,0]},"f":{"1":0,"2":0,"3":0,"4":0,"5":0,"6":0,"7":0,"8":0,"9":0,"10":0,"11":0},"fnMap":{"1":{"name":"verifySingle","line":43,"loc":{"start":{"line":43,"column":4},"end":{"line":90,"column":4}}},"2":{"name":"verifyMultiple","line":92,"loc":{"start":{"line":92,"column":4},"end":{"line":139,"column":4}}},"3":{"name":"hashToPoint","line":144,"loc":{"start":{"line":144,"column":4},"end":{"line":168,"column":4}}},"4":{"name":"mapToPoint","line":170,"loc":{"start":{"line":170,"column":4},"end":{"line":234,"column":4}}},"5":{"name":"isValidSignature","line":236,"loc":{"start":{"line":236,"column":4},"end":{"line":246,"column":4}}},"6":{"name":"isOnCurveG1","line":248,"loc":{"start":{"line":248,"column":4},"end":{"line":263,"column":4}}},"7":{"name":"isOnCurveG2","line":265,"loc":{"start":{"line":265,"column":4},"end":{"line":310,"column":4}}},"8":{"name":"sqrt","line":312,"loc":{"start":{"line":312,"column":4},"end":{"line":315,"column":4}}},"9":{"name":"inverse","line":317,"loc":{"start":{"line":317,"column":4},"end":{"line":319,"column":4}}},"10":{"name":"hashToField","line":321,"loc":{"start":{"line":321,"column":4},"end":{"line":345,"column":4}}},"11":{"name":"expandMsgTo96","line":347,"loc":{"start":{"line":347,"column":4},"end":{"line":444,"column":4}}}},"statementMap":{"1":{"start":{"line":48,"column":8},"end":{"line":48,"column":2137}},"2":{"start":{"line":62,"column":8},"end":{"line":62,"column":29}},"3":{"start":{"line":63,"column":8},"end":{"line":63,"column":45}},"4":{"start":{"line":64,"column":8},"end":{"line":64,"column":28}},"5":{"start":{"line":65,"column":8},"end":{"line":65,"column":30}},"6":{"start":{"line":70,"column":8},"end":{"line":70,"column":24}},"7":{"start":{"line":82,"column":8},"end":{"line":82,"column":28}},"8":{"start":{"line":83,"column":8},"end":{"line":83,"column":30}},"9":{"start":{"line":85,"column":8},"end":{"line":85,"column":3123}},"10":{"start":{"line":86,"column":12},"end":{"line":86,"column":33}},"11":{"start":{"line":89,"column":8},"end":{"line":89,"column":34}},"12":{"start":{"line":97,"column":8},"end":{"line":97,"column":37}},"13":{"start":{"line":98,"column":8},"end":{"line":98,"column":61}},"14":{"start":{"line":99,"column":8},"end":{"line":99,"column":3550}},"15":{"start":{"line":103,"column":8},"end":{"line":103,"column":42}},"16":{"start":{"line":104,"column":8},"end":{"line":104,"column":57}},"17":{"start":{"line":111,"column":8},"end":{"line":111,"column":3964}},"18":{"start":{"line":119,"column":8},"end":{"line":119,"column":29}},"19":{"start":{"line":122,"column":8},"end":{"line":122,"column":45}},"20":{"start":{"line":135,"column":8},"end":{"line":135,"column":4844}},"21":{"start":{"line":136,"column":12},"end":{"line":136,"column":33}},"22":{"start":{"line":138,"column":8},"end":{"line":138,"column":34}},"23":{"start":{"line":149,"column":8},"end":{"line":149,"column":58}},"24":{"start":{"line":150,"column":8},"end":{"line":150,"column":47}},"25":{"start":{"line":151,"column":8},"end":{"line":151,"column":47}},"26":{"start":{"line":152,"column":8},"end":{"line":152,"column":36}},"27":{"start":{"line":157,"column":8},"end":{"line":157,"column":20}},"28":{"start":{"line":166,"column":8},"end":{"line":166,"column":50}},"29":{"start":{"line":167,"column":8},"end":{"line":167,"column":17}},"30":{"start":{"line":175,"column":8},"end":{"line":175,"column":61}},"31":{"start":{"line":176,"column":8},"end":{"line":176,"column":22}},"32":{"start":{"line":178,"column":8},"end":{"line":178,"column":35}},"33":{"start":{"line":180,"column":8},"end":{"line":180,"column":36}},"34":{"start":{"line":182,"column":8},"end":{"line":182,"column":37}},"35":{"start":{"line":183,"column":8},"end":{"line":183,"column":38}},"36":{"start":{"line":195,"column":8},"end":{"line":195,"column":18}},"37":{"start":{"line":197,"column":8},"end":{"line":197,"column":6558}},"38":{"start":{"line":198,"column":12},"end":{"line":198,"column":6587}},"39":{"start":{"line":201,"column":12},"end":{"line":201,"column":26}},"40":{"start":{"line":211,"column":8},"end":{"line":211,"column":6884}},"41":{"start":{"line":212,"column":12},"end":{"line":212,"column":6913}},"42":{"start":{"line":215,"column":12},"end":{"line":215,"column":26}},"43":{"start":{"line":229,"column":8},"end":{"line":229,"column":59}},"44":{"start":{"line":230,"column":8},"end":{"line":230,"column":7393}},"45":{"start":{"line":233,"column":8},"end":{"line":233,"column":22}},"46":{"start":{"line":241,"column":8},"end":{"line":241,"column":7602}},"47":{"start":{"line":242,"column":12},"end":{"line":242,"column":24}},"48":{"start":{"line":244,"column":12},"end":{"line":244,"column":41}},"49":{"start":{"line":318,"column":8},"end":{"line":318,"column":35}},"50":{"start":{"line":326,"column":8},"end":{"line":326,"column":59}},"51":{"start":{"line":327,"column":8},"end":{"line":327,"column":18}},"52":{"start":{"line":328,"column":8},"end":{"line":328,"column":18}},"53":{"start":{"line":329,"column":8},"end":{"line":329,"column":18}},"54":{"start":{"line":330,"column":8},"end":{"line":330,"column":18}},"55":{"start":{"line":344,"column":8},"end":{"line":344,"column":23}},"56":{"start":{"line":353,"column":8},"end":{"line":353,"column":35}},"57":{"start":{"line":354,"column":8},"end":{"line":354,"column":55}},"58":{"start":{"line":355,"column":8},"end":{"line":355,"column":40}},"59":{"start":{"line":380,"column":8},"end":{"line":380,"column":33}},"60":{"start":{"line":381,"column":8},"end":{"line":381,"column":18}},"61":{"start":{"line":443,"column":8},"end":{"line":443,"column":18}}},"branchMap":{"1":{"line":85,"type":"if","locations":[{"start":{"line":85,"column":8},"end":{"line":85,"column":8}},{"start":{"line":85,"column":8},"end":{"line":85,"column":8}}]},"2":{"line":98,"type":"if","locations":[{"start":{"line":98,"column":8},"end":{"line":98,"column":8}},{"start":{"line":98,"column":8},"end":{"line":98,"column":8}}]},"3":{"line":99,"type":"if","locations":[{"start":{"line":99,"column":8},"end":{"line":99,"column":8}},{"start":{"line":99,"column":8},"end":{"line":99,"column":8}}]},"4":{"line":135,"type":"if","locations":[{"start":{"line":135,"column":8},"end":{"line":135,"column":8}},{"start":{"line":135,"column":8},"end":{"line":135,"column":8}}]},"5":{"line":166,"type":"if","locations":[{"start":{"line":166,"column":8},"end":{"line":166,"column":8}},{"start":{"line":166,"column":8},"end":{"line":166,"column":8}}]},"6":{"line":175,"type":"if","locations":[{"start":{"line":175,"column":8},"end":{"line":175,"column":8}},{"start":{"line":175,"column":8},"end":{"line":175,"column":8}}]},"7":{"line":197,"type":"if","locations":[{"start":{"line":197,"column":8},"end":{"line":197,"column":8}},{"start":{"line":197,"column":8},"end":{"line":197,"column":8}}]},"8":{"line":198,"type":"if","locations":[{"start":{"line":198,"column":12},"end":{"line":198,"column":12}},{"start":{"line":198,"column":12},"end":{"line":198,"column":12}}]},"9":{"line":211,"type":"if","locations":[{"start":{"line":211,"column":8},"end":{"line":211,"column":8}},{"start":{"line":211,"column":8},"end":{"line":211,"column":8}}]},"10":{"line":212,"type":"if","locations":[{"start":{"line":212,"column":12},"end":{"line":212,"column":12}},{"start":{"line":212,"column":12},"end":{"line":212,"column":12}}]},"11":{"line":229,"type":"if","locations":[{"start":{"line":229,"column":8},"end":{"line":229,"column":8}},{"start":{"line":229,"column":8},"end":{"line":229,"column":8}}]},"12":{"line":230,"type":"if","locations":[{"start":{"line":230,"column":8},"end":{"line":230,"column":8}},{"start":{"line":230,"column":8},"end":{"line":230,"column":8}}]},"13":{"line":241,"type":"if","locations":[{"start":{"line":241,"column":8},"end":{"line":241,"column":8}},{"start":{"line":241,"column":8},"end":{"line":241,"column":8}}]},"14":{"line":241,"type":"cond-expr","locations":[{"start":{"line":241,"column":12},"end":{"line":241,"column":30}},{"start":{"line":241,"column":35},"end":{"line":241,"column":53}}]}}},"src/bls/lib/hubble-contracts/contracts/libs/BNPairingPrecompileCostEstimator.sol":{"l":{"29":0,"33":0,"37":0,"38":0,"39":0,"40":0,"44":0,"45":0,"46":0,"47":0,"48":0,"52":0,"54":0,"57":0,"58":0,"62":0,"66":0,"70":0,"84":0,"85":0,"86":0,"87":0,"91":0,"93":0,"96":0,"97":0,"101":0,"105":0},"path":"/Users/lukewickens-pillar/Documents/etherspot-lite-contracts/src/bls/lib/hubble-contracts/contracts/libs/BNPairingPrecompileCostEstimator.sol","s":{"1":0,"2":0,"3":0,"4":0,"5":0,"6":0,"7":0,"8":0,"9":0,"10":0,"11":0,"12":0,"13":0,"14":0,"15":0,"16":0,"17":0,"18":0,"19":0,"20":0,"21":0,"22":0,"23":0,"24":0},"b":{"1":[0,0],"2":[0,0],"3":[0,0],"4":[0,0],"5":[0,0],"6":[0,0]},"f":{"1":0,"2":0,"3":0,"4":0,"5":0},"fnMap":{"1":{"name":"run","line":28,"loc":{"start":{"line":28,"column":4},"end":{"line":30,"column":4}}},"2":{"name":"getGasCost","line":32,"loc":{"start":{"line":32,"column":4},"end":{"line":34,"column":4}}},"3":{"name":"_run","line":36,"loc":{"start":{"line":36,"column":4},"end":{"line":41,"column":4}}},"4":{"name":"_gasCost1Pair","line":43,"loc":{"start":{"line":43,"column":4},"end":{"line":67,"column":4}}},"5":{"name":"_gasCost2Pair","line":69,"loc":{"start":{"line":69,"column":4},"end":{"line":106,"column":4}}}},"statementMap":{"1":{"start":{"line":29,"column":8},"end":{"line":29,"column":13}},"2":{"start":{"line":33,"column":8},"end":{"line":33,"column":49}},"3":{"start":{"line":37,"column":8},"end":{"line":37,"column":46}},"4":{"start":{"line":38,"column":8},"end":{"line":38,"column":46}},"5":{"start":{"line":44,"column":8},"end":{"line":44,"column":74}},"6":{"start":{"line":45,"column":8},"end":{"line":45,"column":29}},"7":{"start":{"line":46,"column":8},"end":{"line":46,"column":24}},"8":{"start":{"line":47,"column":8},"end":{"line":47,"column":46}},"9":{"start":{"line":48,"column":8},"end":{"line":48,"column":1845}},"10":{"start":{"line":52,"column":8},"end":{"line":52,"column":33}},"11":{"start":{"line":57,"column":8},"end":{"line":57,"column":43}},"12":{"start":{"line":58,"column":8},"end":{"line":58,"column":2229}},"13":{"start":{"line":62,"column":8},"end":{"line":62,"column":2357}},"14":{"start":{"line":66,"column":8},"end":{"line":66,"column":22}},"15":{"start":{"line":70,"column":8},"end":{"line":70,"column":2587}},"16":{"start":{"line":84,"column":8},"end":{"line":84,"column":29}},"17":{"start":{"line":85,"column":8},"end":{"line":85,"column":24}},"18":{"start":{"line":86,"column":8},"end":{"line":86,"column":46}},"19":{"start":{"line":87,"column":8},"end":{"line":87,"column":2966}},"20":{"start":{"line":91,"column":8},"end":{"line":91,"column":33}},"21":{"start":{"line":96,"column":8},"end":{"line":96,"column":43}},"22":{"start":{"line":97,"column":8},"end":{"line":97,"column":3350}},"23":{"start":{"line":101,"column":8},"end":{"line":101,"column":3478}},"24":{"start":{"line":105,"column":8},"end":{"line":105,"column":22}}},"branchMap":{"1":{"line":48,"type":"if","locations":[{"start":{"line":48,"column":8},"end":{"line":48,"column":8}},{"start":{"line":48,"column":8},"end":{"line":48,"column":8}}]},"2":{"line":58,"type":"if","locations":[{"start":{"line":58,"column":8},"end":{"line":58,"column":8}},{"start":{"line":58,"column":8},"end":{"line":58,"column":8}}]},"3":{"line":62,"type":"if","locations":[{"start":{"line":62,"column":8},"end":{"line":62,"column":8}},{"start":{"line":62,"column":8},"end":{"line":62,"column":8}}]},"4":{"line":87,"type":"if","locations":[{"start":{"line":87,"column":8},"end":{"line":87,"column":8}},{"start":{"line":87,"column":8},"end":{"line":87,"column":8}}]},"5":{"line":97,"type":"if","locations":[{"start":{"line":97,"column":8},"end":{"line":97,"column":8}},{"start":{"line":97,"column":8},"end":{"line":97,"column":8}}]},"6":{"line":101,"type":"if","locations":[{"start":{"line":101,"column":8},"end":{"line":101,"column":8}},{"start":{"line":101,"column":8},"end":{"line":101,"column":8}}]}}},"src/bls/lib/hubble-contracts/contracts/libs/ModExp.sol":{"l":{"15":0,"340":0},"path":"/Users/lukewickens-pillar/Documents/etherspot-lite-contracts/src/bls/lib/hubble-contracts/contracts/libs/ModExp.sol","s":{},"b":{},"f":{"1":0,"2":0},"fnMap":{"1":{"name":"run","line":13,"loc":{"start":{"line":13,"column":4},"end":{"line":328,"column":4}}},"2":{"name":"run","line":338,"loc":{"start":{"line":338,"column":4},"end":{"line":651,"column":4}}}},"statementMap":{},"branchMap":{}},"src/BLSAccount.sol":{"l":{"23":0,"31":0,"32":0,"40":0,"41":0,"42":0,"51":0,"52":0,"56":0,"65":0},"path":"/Users/lukewickens-pillar/Documents/etherspot-lite-contracts/src/BLSAccount.sol","s":{"1":0,"2":0,"3":0,"4":0,"5":0,"6":0},"b":{"1":[0,0],"2":[0,0],"3":[0,0]},"f":{"1":0,"2":0,"3":0,"4":0,"5":0,"6":0},"fnMap":{"1":{"name":"constructor","line":21,"loc":{"start":{"line":20,"column":4},"end":{"line":24,"column":4}}},"2":{"name":"initialize","line":29,"loc":{"start":{"line":26,"column":4},"end":{"line":33,"column":4}}},"3":{"name":"_validateSignature","line":35,"loc":{"start":{"line":35,"column":4},"end":{"line":43,"column":4}}},"4":{"name":"setBlsPublicKey","line":49,"loc":{"start":{"line":47,"column":4},"end":{"line":53,"column":4}}},"5":{"name":"getAggregator","line":55,"loc":{"start":{"line":55,"column":4},"end":{"line":57,"column":4}}},"6":{"name":"getBlsPublicKey","line":59,"loc":{"start":{"line":59,"column":4},"end":{"line":66,"column":4}}}},"statementMap":{"1":{"start":{"line":31,"column":8},"end":{"line":31,"column":36}},"2":{"start":{"line":41,"column":8},"end":{"line":41,"column":78}},"3":{"start":{"line":42,"column":8},"end":{"line":42,"column":16}},"4":{"start":{"line":51,"column":8},"end":{"line":51,"column":54}},"5":{"start":{"line":56,"column":8},"end":{"line":56,"column":25}},"6":{"start":{"line":65,"column":8},"end":{"line":65,"column":24}}},"branchMap":{"1":{"line":29,"type":"if","locations":[{"start":{"line":29,"column":8},"end":{"line":29,"column":8}},{"start":{"line":29,"column":8},"end":{"line":29,"column":8}}]},"2":{"line":41,"type":"if","locations":[{"start":{"line":41,"column":8},"end":{"line":41,"column":8}},{"start":{"line":41,"column":8},"end":{"line":41,"column":8}}]},"3":{"line":49,"type":"if","locations":[{"start":{"line":49,"column":8},"end":{"line":49,"column":8}},{"start":{"line":49,"column":8},"end":{"line":49,"column":8}}]}}},"src/core/BaseAccount.sol":{"l":{"33":0,"61":0,"62":0,"63":0,"64":0,"66":0,"73":0,"113":0,"114":0,"118":0},"path":"/Users/lukewickens-pillar/Documents/etherspot-lite-contracts/src/core/BaseAccount.sol","s":{"1":0,"2":0,"3":0,"4":0,"5":0,"6":0,"7":0,"8":0},"b":{"1":[0,0],"2":[0,0],"3":[0,0]},"f":{"1":0,"2":0,"3":0,"4":0},"fnMap":{"1":{"name":"packSigTimeRange","line":28,"loc":{"start":{"line":28,"column":4},"end":{"line":37,"column":4}}},"2":{"name":"validateUserOp","line":55,"loc":{"start":{"line":55,"column":4},"end":{"line":67,"column":4}}},"3":{"name":"_requireFromEntryPoint","line":72,"loc":{"start":{"line":72,"column":4},"end":{"line":77,"column":4}}},"4":{"name":"_payPrefund","line":112,"loc":{"start":{"line":112,"column":4},"end":{"line":121,"column":4}}}},"statementMap":{"1":{"start":{"line":33,"column":8},"end":{"line":33,"column":1213}},"2":{"start":{"line":61,"column":8},"end":{"line":61,"column":31}},"3":{"start":{"line":63,"column":8},"end":{"line":63,"column":2304}},"4":{"start":{"line":64,"column":12},"end":{"line":64,"column":42}},"5":{"start":{"line":66,"column":8},"end":{"line":66,"column":39}},"6":{"start":{"line":73,"column":8},"end":{"line":73,"column":2588}},"7":{"start":{"line":113,"column":8},"end":{"line":113,"column":4493}},"8":{"start":{"line":114,"column":12},"end":{"line":114,"column":4546}}},"branchMap":{"1":{"line":63,"type":"if","locations":[{"start":{"line":63,"column":8},"end":{"line":63,"column":8}},{"start":{"line":63,"column":8},"end":{"line":63,"column":8}}]},"2":{"line":73,"type":"if","locations":[{"start":{"line":73,"column":8},"end":{"line":73,"column":8}},{"start":{"line":73,"column":8},"end":{"line":73,"column":8}}]},"3":{"line":113,"type":"if","locations":[{"start":{"line":113,"column":8},"end":{"line":113,"column":8}},{"start":{"line":113,"column":8},"end":{"line":113,"column":8}}]}}},"src/core/BasePaymaster.sol":{"l":{"19":0,"23":0,"41":0,"42":0,"62":0,"64":0,"71":0,"83":0,"92":0,"99":0,"107":0,"116":0,"121":0,"136":0},"path":"/Users/lukewickens-pillar/Documents/etherspot-lite-contracts/src/core/BasePaymaster.sol","s":{"1":0,"2":0,"3":0,"4":0,"5":0,"6":0,"7":0,"8":0,"9":0,"10":0,"11":0,"12":0},"b":{"1":[0,0],"2":[0,0],"3":[0,0],"4":[0,0],"5":[0,0],"6":[0,0]},"f":{"1":0,"2":0,"3":0,"4":0,"5":0,"6":0,"7":0,"8":0,"9":0,"10":0,"11":0,"12":0},"fnMap":{"1":{"name":"constructor","line":18,"loc":{"start":{"line":18,"column":4},"end":{"line":20,"column":4}}},"2":{"name":"setEntryPoint","line":22,"loc":{"start":{"line":22,"column":4},"end":{"line":24,"column":4}}},"3":{"name":"postOp","line":36,"loc":{"start":{"line":36,"column":4},"end":{"line":43,"column":4}}},"4":{"name":"_postOp","line":57,"loc":{"start":{"line":57,"column":4},"end":{"line":65,"column":4}}},"5":{"name":"deposit","line":70,"loc":{"start":{"line":70,"column":4},"end":{"line":72,"column":4}}},"6":{"name":"withdrawTo","line":81,"loc":{"start":{"line":79,"column":4},"end":{"line":84,"column":4}}},"7":{"name":"addStake","line":91,"loc":{"start":{"line":91,"column":4},"end":{"line":93,"column":4}}},"8":{"name":"getDeposit","line":98,"loc":{"start":{"line":98,"column":4},"end":{"line":100,"column":4}}},"9":{"name":"unlockStake","line":106,"loc":{"start":{"line":106,"column":4},"end":{"line":108,"column":4}}},"10":{"name":"withdrawStake","line":115,"loc":{"start":{"line":115,"column":4},"end":{"line":117,"column":4}}},"11":{"name":"_requireFromEntryPoint","line":120,"loc":{"start":{"line":120,"column":4},"end":{"line":122,"column":4}}},"12":{"name":"packSigTimeRange","line":131,"loc":{"start":{"line":131,"column":4},"end":{"line":140,"column":4}}}},"statementMap":{"1":{"start":{"line":19,"column":8},"end":{"line":19,"column":33}},"2":{"start":{"line":41,"column":8},"end":{"line":41,"column":31}},"3":{"start":{"line":42,"column":8},"end":{"line":42,"column":44}},"4":{"start":{"line":64,"column":8},"end":{"line":64,"column":30}},"5":{"start":{"line":71,"column":8},"end":{"line":71,"column":60}},"6":{"start":{"line":83,"column":8},"end":{"line":83,"column":53}},"7":{"start":{"line":92,"column":8},"end":{"line":92,"column":61}},"8":{"start":{"line":99,"column":8},"end":{"line":99,"column":50}},"9":{"start":{"line":107,"column":8},"end":{"line":107,"column":31}},"10":{"start":{"line":116,"column":8},"end":{"line":116,"column":48}},"11":{"start":{"line":121,"column":8},"end":{"line":121,"column":49}},"12":{"start":{"line":136,"column":8},"end":{"line":136,"column":4634}}},"branchMap":{"1":{"line":22,"type":"if","locations":[{"start":{"line":22,"column":59},"end":{"line":22,"column":59}},{"start":{"line":22,"column":59},"end":{"line":22,"column":59}}]},"2":{"line":81,"type":"if","locations":[{"start":{"line":81,"column":8},"end":{"line":81,"column":8}},{"start":{"line":81,"column":8},"end":{"line":81,"column":8}}]},"3":{"line":91,"type":"if","locations":[{"start":{"line":91,"column":63},"end":{"line":91,"column":63}},{"start":{"line":91,"column":63},"end":{"line":91,"column":63}}]},"4":{"line":106,"type":"if","locations":[{"start":{"line":106,"column":36},"end":{"line":106,"column":36}},{"start":{"line":106,"column":36},"end":{"line":106,"column":36}}]},"5":{"line":115,"type":"if","locations":[{"start":{"line":115,"column":69},"end":{"line":115,"column":69}},{"start":{"line":115,"column":69},"end":{"line":115,"column":69}}]},"6":{"line":121,"type":"if","locations":[{"start":{"line":121,"column":8},"end":{"line":121,"column":8}},{"start":{"line":121,"column":8},"end":{"line":121,"column":8}}]}}},"src/core/EntryPoint.sol":{"l":{"45":0,"46":0,"47":0,"62":0,"63":0,"65":0,"68":0,"70":0,"71":0,"76":0,"79":0,"86":0,"87":0,"109":0,"110":0,"112":0,"113":0,"114":0,"115":0,"120":0,"128":0,"130":0,"131":0,"134":0,"147":0,"148":0,"149":0,"150":0,"153":0,"155":0,"156":0,"157":0,"158":0,"159":0,"160":0,"161":0,"162":0,"163":0,"173":0,"179":0,"182":0,"184":0,"185":0,"190":0,"191":0,"192":0,"193":0,"194":0,"195":0,"196":0,"198":0,"199":0,"200":0,"203":0,"205":0,"213":0,"215":0,"220":0,"225":0,"226":0,"227":0,"228":0,"229":0,"230":0,"231":0,"233":0,"272":0,"273":0,"274":0,"276":0,"277":0,"279":0,"282":0,"289":0,"290":0,"291":0,"292":0,"293":0,"294":0,"295":0,"302":0,"306":0,"307":0,"309":0,"322":0,"333":0,"334":0,"335":0,"336":0,"337":0,"338":0,"339":0,"340":0,"341":0,"342":0,"346":0,"348":0,"359":0,"361":0,"366":0,"369":0,"370":0,"371":0,"372":0,"373":0,"376":0,"379":0,"384":0,"393":0,"394":0,"398":0,"406":0,"419":0,"422":0,"423":0,"428":0,"438":0,"439":0,"440":0,"441":0,"446":0,"449":0,"450":0,"455":0,"456":0,"461":0,"462":0,"467":0,"468":0,"484":0,"496":0,"497":0,"498":0,"500":0,"502":0,"504":0,"508":0,"511":0,"513":0,"515":0,"540":0,"541":0,"542":0,"543":0,"544":0,"545":0,"546":0,"547":0,"550":0,"553":0,"555":0,"558":0,"560":0,"566":0,"567":0,"568":0,"569":0,"573":0,"578":0,"580":0,"582":0,"584":0,"585":0,"586":0,"587":0,"588":0,"594":0,"596":0,"614":0,"615":0,"616":0,"617":0,"621":0,"624":0,"625":0,"626":0,"627":0,"628":0,"634":0,"635":0,"642":0,"643":0,"645":0,"647":0,"661":0,"662":0,"663":0,"665":0,"666":0,"668":0,"669":0,"670":0,"676":0,"677":0,"690":0,"691":0,"693":0,"694":0,"695":0,"697":0,"713":0,"715":0,"716":0,"732":0,"733":0,"738":0,"740":0,"741":0,"764":0,"765":0,"766":0,"767":0,"771":0,"776":0,"778":0,"779":0,"780":0,"793":0,"795":0,"796":0,"797":0,"805":0,"806":0,"808":0,"809":0,"815":0,"816":0,"817":0,"839":0,"840":0,"841":0,"842":0,"843":0,"845":0,"846":0,"847":0,"849":0,"850":0,"851":0,"852":0,"853":0,"858":0,"863":0,"865":0,"874":0,"875":0,"876":0,"877":0,"883":0,"884":0,"885":0,"886":0,"907":0,"908":0,"909":0,"910":0,"912":0,"914":0,"919":0,"927":0,"937":0,"946":0},"path":"/Users/lukewickens-pillar/Documents/etherspot-lite-contracts/src/core/EntryPoint.sol","s":{"1":0,"2":0,"3":0,"4":0,"5":0,"6":0,"7":0,"8":0,"9":0,"10":0,"11":0,"12":0,"13":0,"14":0,"15":0,"16":0,"17":0,"18":0,"19":0,"20":0,"21":0,"22":0,"23":0,"24":0,"25":0,"26":0,"27":0,"28":0,"29":0,"30":0,"31":0,"32":0,"33":0,"34":0,"35":0,"36":0,"37":0,"38":0,"39":0,"40":0,"41":0,"42":0,"43":0,"44":0,"45":0,"46":0,"47":0,"48":0,"49":0,"50":0,"51":0,"52":0,"53":0,"54":0,"55":0,"56":0,"57":0,"58":0,"59":0,"60":0,"61":0,"62":0,"63":0,"64":0,"65":0,"66":0,"67":0,"68":0,"69":0,"70":0,"71":0,"72":0,"73":0,"74":0,"75":0,"76":0,"77":0,"78":0,"79":0,"80":0,"81":0,"82":0,"83":0,"84":0,"85":0,"86":0,"87":0,"88":0,"89":0,"90":0,"91":0,"92":0,"93":0,"94":0,"95":0,"96":0,"97":0,"98":0,"99":0,"100":0,"101":0,"102":0,"103":0,"104":0,"105":0,"106":0,"107":0,"108":0,"109":0,"110":0,"111":0,"112":0,"113":0,"114":0,"115":0,"116":0,"117":0,"118":0,"119":0,"120":0,"121":0,"122":0,"123":0,"124":0,"125":0,"126":0,"127":0,"128":0,"129":0,"130":0,"131":0,"132":0,"133":0,"134":0,"135":0,"136":0,"137":0,"138":0,"139":0,"140":0,"141":0,"142":0,"143":0,"144":0,"145":0,"146":0,"147":0,"148":0,"149":0,"150":0,"151":0,"152":0,"153":0,"154":0,"155":0,"156":0,"157":0,"158":0,"159":0,"160":0,"161":0,"162":0,"163":0,"164":0,"165":0,"166":0,"167":0,"168":0,"169":0,"170":0},"b":{"1":[0,0],"2":[0,0],"3":[0,0],"4":[0,0],"5":[0,0],"6":[0,0],"7":[0,0],"8":[0,0],"9":[0,0],"10":[0,0],"11":[0,0],"12":[0,0],"13":[0,0],"14":[0,0],"15":[0,0],"16":[0,0],"17":[0,0],"18":[0,0],"19":[0,0],"20":[0,0],"21":[0,0],"22":[0,0],"23":[0,0],"24":[0,0],"25":[0,0],"26":[0,0],"27":[0,0],"28":[0,0],"29":[0,0],"30":[0,0],"31":[0,0],"32":[0,0],"33":[0,0],"34":[0,0],"35":[0,0],"36":[0,0],"37":[0,0],"38":[0,0],"39":[0,0],"40":[0,0],"41":[0,0],"42":[0,0],"43":[0,0],"44":[0,0],"45":[0,0],"46":[0,0],"47":[0,0]},"f":{"1":0,"2":0,"3":0,"4":0,"5":0,"6":0,"7":0,"8":0,"9":0,"10":0,"11":0,"12":0,"13":0,"14":0,"15":0,"16":0,"17":0,"18":0,"19":0,"20":0,"21":0,"22":0,"23":0,"24":0,"25":0,"26":0},"fnMap":{"1":{"name":"_compensate","line":44,"loc":{"start":{"line":44,"column":4},"end":{"line":48,"column":4}}},"2":{"name":"_executeUserOp","line":57,"loc":{"start":{"line":57,"column":4},"end":{"line":95,"column":4}}},"3":{"name":"handleOps","line":105,"loc":{"start":{"line":105,"column":4},"end":{"line":136,"column":4}}},"4":{"name":"handleAggregatedOps","line":143,"loc":{"start":{"line":143,"column":4},"end":{"line":206,"column":4}}},"5":{"name":"simulateHandleOp","line":208,"loc":{"start":{"line":208,"column":4},"end":{"line":241,"column":4}}},"6":{"name":"innerHandleOp","line":267,"loc":{"start":{"line":267,"column":4},"end":{"line":311,"column":4}}},"7":{"name":"getUserOpHash","line":317,"loc":{"start":{"line":317,"column":4},"end":{"line":324,"column":4}}},"8":{"name":"_copyUserOpToMemory","line":329,"loc":{"start":{"line":329,"column":4},"end":{"line":350,"column":4}}},"9":{"name":"simulateValidation","line":358,"loc":{"start":{"line":358,"column":4},"end":{"line":412,"column":4}}},"10":{"name":"_getRequiredPrefund","line":414,"loc":{"start":{"line":414,"column":4},"end":{"line":430,"column":4}}},"11":{"name":"_createSenderIfNeeded","line":433,"loc":{"start":{"line":433,"column":4},"end":{"line":475,"column":4}}},"12":{"name":"getSenderAddress","line":483,"loc":{"start":{"line":483,"column":4},"end":{"line":485,"column":4}}},"13":{"name":"_simulateFindAggregator","line":492,"loc":{"start":{"line":492,"column":4},"end":{"line":519,"column":4}}},"14":{"name":"_validateAccountPrepayment","line":526,"loc":{"start":{"line":526,"column":4},"end":{"line":598,"column":4}}},"15":{"name":"_validatePaymasterPrepayment","line":607,"loc":{"start":{"line":607,"column":4},"end":{"line":650,"column":4}}},"16":{"name":"_validateSigTimeRange","line":655,"loc":{"start":{"line":655,"column":4},"end":{"line":683,"column":4}}},"17":{"name":"_getSigTimeRange","line":685,"loc":{"start":{"line":685,"column":4},"end":{"line":700,"column":4}}},"18":{"name":"_parseSigTimeRange","line":704,"loc":{"start":{"line":704,"column":4},"end":{"line":717,"column":4}}},"19":{"name":"_intersectTimeRange","line":720,"loc":{"start":{"line":720,"column":4},"end":{"line":742,"column":4}}},"20":{"name":"_validatePrepayment","line":751,"loc":{"start":{"line":751,"column":4},"end":{"line":819,"column":4}}},"21":{"name":"_handlePostOp","line":832,"loc":{"start":{"line":832,"column":4},"end":{"line":896,"column":4}}},"22":{"name":"getUserOpGasPrice","line":902,"loc":{"start":{"line":902,"column":4},"end":{"line":916,"column":4}}},"23":{"name":"min","line":918,"loc":{"start":{"line":918,"column":4},"end":{"line":920,"column":4}}},"24":{"name":"getOffsetOfMemoryBytes","line":922,"loc":{"start":{"line":922,"column":4},"end":{"line":930,"column":4}}},"25":{"name":"getMemoryBytesFromOffset","line":932,"loc":{"start":{"line":932,"column":4},"end":{"line":940,"column":4}}},"26":{"name":"numberMarker","line":945,"loc":{"start":{"line":945,"column":4},"end":{"line":949,"column":4}}}},"statementMap":{"1":{"start":{"line":45,"column":8},"end":{"line":45,"column":69}},"2":{"start":{"line":46,"column":8},"end":{"line":46,"column":62}},"3":{"start":{"line":47,"column":8},"end":{"line":47,"column":58}},"4":{"start":{"line":62,"column":8},"end":{"line":62,"column":34}},"5":{"start":{"line":63,"column":8},"end":{"line":63,"column":77}},"6":{"start":{"line":65,"column":8},"end":{"line":65,"column":2314}},"7":{"start":{"line":70,"column":12},"end":{"line":70,"column":35}},"8":{"start":{"line":76,"column":12},"end":{"line":76,"column":2742}},"9":{"start":{"line":86,"column":12},"end":{"line":86,"column":68}},"10":{"start":{"line":109,"column":8},"end":{"line":109,"column":35}},"11":{"start":{"line":110,"column":8},"end":{"line":110,"column":62}},"12":{"start":{"line":113,"column":12},"end":{"line":113,"column":4035}},"13":{"start":{"line":114,"column":16},"end":{"line":114,"column":53}},"14":{"start":{"line":115,"column":16},"end":{"line":115,"column":4203}},"15":{"start":{"line":120,"column":16},"end":{"line":120,"column":4330}},"16":{"start":{"line":128,"column":12},"end":{"line":128,"column":33}},"17":{"start":{"line":130,"column":12},"end":{"line":130,"column":4555}},"18":{"start":{"line":134,"column":12},"end":{"line":134,"column":46}},"19":{"start":{"line":147,"column":8},"end":{"line":147,"column":49}},"20":{"start":{"line":148,"column":8},"end":{"line":148,"column":28}},"21":{"start":{"line":149,"column":8},"end":{"line":149,"column":5237}},"22":{"start":{"line":153,"column":8},"end":{"line":153,"column":64}},"23":{"start":{"line":155,"column":8},"end":{"line":155,"column":27}},"24":{"start":{"line":156,"column":8},"end":{"line":156,"column":5452}},"25":{"start":{"line":157,"column":12},"end":{"line":157,"column":67}},"26":{"start":{"line":158,"column":12},"end":{"line":158,"column":54}},"27":{"start":{"line":159,"column":12},"end":{"line":159,"column":51}},"28":{"start":{"line":160,"column":12},"end":{"line":160,"column":39}},"29":{"start":{"line":161,"column":12},"end":{"line":161,"column":5727}},"30":{"start":{"line":162,"column":16},"end":{"line":162,"column":59}},"31":{"start":{"line":163,"column":16},"end":{"line":163,"column":5852}},"32":{"start":{"line":173,"column":16},"end":{"line":173,"column":6161}},"33":{"start":{"line":182,"column":12},"end":{"line":182,"column":6377}},"34":{"start":{"line":184,"column":16},"end":{"line":184,"column":6499}},"35":{"start":{"line":190,"column":8},"end":{"line":190,"column":29}},"36":{"start":{"line":192,"column":8},"end":{"line":192,"column":6734}},"37":{"start":{"line":193,"column":12},"end":{"line":193,"column":67}},"38":{"start":{"line":194,"column":12},"end":{"line":194,"column":68}},"39":{"start":{"line":195,"column":12},"end":{"line":195,"column":54}},"40":{"start":{"line":196,"column":12},"end":{"line":196,"column":39}},"41":{"start":{"line":198,"column":12},"end":{"line":198,"column":7027}},"42":{"start":{"line":203,"column":8},"end":{"line":203,"column":51}},"43":{"start":{"line":205,"column":8},"end":{"line":205,"column":42}},"44":{"start":{"line":213,"column":8},"end":{"line":213,"column":32}},"45":{"start":{"line":215,"column":8},"end":{"line":215,"column":7560}},"46":{"start":{"line":220,"column":8},"end":{"line":220,"column":7656}},"47":{"start":{"line":225,"column":8},"end":{"line":225,"column":21}},"48":{"start":{"line":226,"column":8},"end":{"line":226,"column":52}},"49":{"start":{"line":227,"column":8},"end":{"line":227,"column":21}},"50":{"start":{"line":228,"column":8},"end":{"line":228,"column":26}},"51":{"start":{"line":229,"column":8},"end":{"line":229,"column":33}},"52":{"start":{"line":230,"column":8},"end":{"line":230,"column":7961}},"53":{"start":{"line":272,"column":8},"end":{"line":272,"column":34}},"54":{"start":{"line":273,"column":8},"end":{"line":273,"column":70}},"55":{"start":{"line":274,"column":8},"end":{"line":274,"column":52}},"56":{"start":{"line":276,"column":8},"end":{"line":276,"column":51}},"57":{"start":{"line":279,"column":12},"end":{"line":279,"column":9494}},"58":{"start":{"line":289,"column":8},"end":{"line":289,"column":70}},"59":{"start":{"line":290,"column":8},"end":{"line":290,"column":9822}},"60":{"start":{"line":291,"column":12},"end":{"line":291,"column":79}},"61":{"start":{"line":292,"column":12},"end":{"line":292,"column":9946}},"62":{"start":{"line":293,"column":16},"end":{"line":293,"column":79}},"63":{"start":{"line":294,"column":16},"end":{"line":294,"column":10063}},"64":{"start":{"line":295,"column":20},"end":{"line":295,"column":10113}},"65":{"start":{"line":307,"column":12},"end":{"line":307,"column":68}},"66":{"start":{"line":309,"column":12},"end":{"line":309,"column":69}},"67":{"start":{"line":322,"column":8},"end":{"line":322,"column":11112}},"68":{"start":{"line":340,"column":8},"end":{"line":340,"column":65}},"69":{"start":{"line":341,"column":8},"end":{"line":341,"column":11813}},"70":{"start":{"line":342,"column":12},"end":{"line":342,"column":11864}},"71":{"start":{"line":359,"column":8},"end":{"line":359,"column":35}},"72":{"start":{"line":361,"column":8},"end":{"line":361,"column":12724}},"73":{"start":{"line":366,"column":8},"end":{"line":366,"column":12850}},"74":{"start":{"line":369,"column":8},"end":{"line":369,"column":76}},"75":{"start":{"line":370,"column":8},"end":{"line":370,"column":36}},"76":{"start":{"line":372,"column":12},"end":{"line":372,"column":53}},"77":{"start":{"line":373,"column":12},"end":{"line":373,"column":13160}},"78":{"start":{"line":379,"column":8},"end":{"line":379,"column":13386}},"79":{"start":{"line":384,"column":8},"end":{"line":384,"column":13496}},"80":{"start":{"line":393,"column":8},"end":{"line":393,"column":13754}},"81":{"start":{"line":394,"column":12},"end":{"line":394,"column":13803}},"82":{"start":{"line":422,"column":12},"end":{"line":422,"column":65}},"83":{"start":{"line":423,"column":12},"end":{"line":423,"column":14774}},"84":{"start":{"line":438,"column":8},"end":{"line":438,"column":15181}},"85":{"start":{"line":439,"column":12},"end":{"line":439,"column":50}},"86":{"start":{"line":440,"column":12},"end":{"line":440,"column":15282}},"87":{"start":{"line":446,"column":12},"end":{"line":446,"column":15496}},"88":{"start":{"line":449,"column":12},"end":{"line":449,"column":15630}},"89":{"start":{"line":455,"column":12},"end":{"line":455,"column":15832}},"90":{"start":{"line":461,"column":12},"end":{"line":461,"column":16035}},"91":{"start":{"line":467,"column":12},"end":{"line":467,"column":62}},"92":{"start":{"line":468,"column":12},"end":{"line":468,"column":16305}},"93":{"start":{"line":496,"column":8},"end":{"line":496,"column":70}},"94":{"start":{"line":497,"column":8},"end":{"line":497,"column":26}},"95":{"start":{"line":498,"column":8},"end":{"line":498,"column":17406}},"96":{"start":{"line":500,"column":12},"end":{"line":500,"column":46}},"97":{"start":{"line":502,"column":8},"end":{"line":502,"column":17573}},"98":{"start":{"line":504,"column":12},"end":{"line":504,"column":48}},"99":{"start":{"line":508,"column":8},"end":{"line":508,"column":17885}},"100":{"start":{"line":541,"column":12},"end":{"line":541,"column":38}},"101":{"start":{"line":542,"column":12},"end":{"line":542,"column":56}},"102":{"start":{"line":543,"column":12},"end":{"line":543,"column":43}},"103":{"start":{"line":544,"column":12},"end":{"line":544,"column":62}},"104":{"start":{"line":545,"column":12},"end":{"line":545,"column":49}},"105":{"start":{"line":546,"column":12},"end":{"line":546,"column":19069}},"106":{"start":{"line":547,"column":16},"end":{"line":547,"column":29}},"107":{"start":{"line":550,"column":16},"end":{"line":550,"column":19229}},"108":{"start":{"line":555,"column":20},"end":{"line":555,"column":19511}},"109":{"start":{"line":566,"column":12},"end":{"line":566,"column":43}},"110":{"start":{"line":567,"column":12},"end":{"line":567,"column":20046}},"111":{"start":{"line":568,"column":16},"end":{"line":568,"column":47}},"112":{"start":{"line":573,"column":12},"end":{"line":573,"column":20281}},"113":{"start":{"line":584,"column":12},"end":{"line":584,"column":20806}},"114":{"start":{"line":585,"column":16},"end":{"line":585,"column":65}},"115":{"start":{"line":586,"column":16},"end":{"line":586,"column":52}},"116":{"start":{"line":587,"column":16},"end":{"line":587,"column":20978}},"117":{"start":{"line":615,"column":12},"end":{"line":615,"column":56}},"118":{"start":{"line":616,"column":12},"end":{"line":616,"column":71}},"119":{"start":{"line":617,"column":12},"end":{"line":617,"column":22097}},"120":{"start":{"line":621,"column":12},"end":{"line":621,"column":22296}},"121":{"start":{"line":624,"column":12},"end":{"line":624,"column":49}},"122":{"start":{"line":625,"column":12},"end":{"line":625,"column":67}},"123":{"start":{"line":626,"column":12},"end":{"line":626,"column":51}},"124":{"start":{"line":627,"column":12},"end":{"line":627,"column":22533}},"125":{"start":{"line":635,"column":12},"end":{"line":635,"column":22829}},"126":{"start":{"line":661,"column":8},"end":{"line":661,"column":78}},"127":{"start":{"line":662,"column":8},"end":{"line":662,"column":23793}},"128":{"start":{"line":665,"column":8},"end":{"line":665,"column":23902}},"129":{"start":{"line":669,"column":8},"end":{"line":669,"column":24095}},"130":{"start":{"line":676,"column":8},"end":{"line":676,"column":24280}},"131":{"start":{"line":690,"column":8},"end":{"line":690,"column":24632}},"132":{"start":{"line":691,"column":12},"end":{"line":691,"column":33}},"133":{"start":{"line":693,"column":8},"end":{"line":693,"column":26}},"134":{"start":{"line":694,"column":8},"end":{"line":694,"column":26}},"135":{"start":{"line":733,"column":8},"end":{"line":733,"column":25995}},"136":{"start":{"line":740,"column":8},"end":{"line":740,"column":64}},"137":{"start":{"line":741,"column":8},"end":{"line":741,"column":64}},"138":{"start":{"line":764,"column":8},"end":{"line":764,"column":34}},"139":{"start":{"line":765,"column":8},"end":{"line":765,"column":55}},"140":{"start":{"line":766,"column":8},"end":{"line":766,"column":43}},"141":{"start":{"line":771,"column":8},"end":{"line":771,"column":27353}},"142":{"start":{"line":776,"column":8},"end":{"line":776,"column":77}},"143":{"start":{"line":778,"column":8},"end":{"line":778,"column":50}},"144":{"start":{"line":779,"column":8},"end":{"line":779,"column":62}},"145":{"start":{"line":793,"column":8},"end":{"line":793,"column":21}},"146":{"start":{"line":795,"column":8},"end":{"line":795,"column":28}},"147":{"start":{"line":796,"column":8},"end":{"line":796,"column":28233}},"148":{"start":{"line":806,"column":12},"end":{"line":806,"column":48}},"149":{"start":{"line":808,"column":12},"end":{"line":808,"column":28618}},"150":{"start":{"line":839,"column":8},"end":{"line":839,"column":34}},"151":{"start":{"line":841,"column":12},"end":{"line":841,"column":33}},"152":{"start":{"line":842,"column":12},"end":{"line":842,"column":56}},"153":{"start":{"line":843,"column":12},"end":{"line":843,"column":57}},"154":{"start":{"line":845,"column":12},"end":{"line":845,"column":49}},"155":{"start":{"line":846,"column":12},"end":{"line":846,"column":30208}},"156":{"start":{"line":850,"column":16},"end":{"line":850,"column":30371}},"157":{"start":{"line":852,"column":20},"end":{"line":852,"column":30479}},"158":{"start":{"line":853,"column":24},"end":{"line":853,"column":30589}},"159":{"start":{"line":858,"column":24},"end":{"line":858,"column":30830}},"160":{"start":{"line":876,"column":12},"end":{"line":876,"column":31575}},"161":{"start":{"line":883,"column":12},"end":{"line":883,"column":59}},"162":{"start":{"line":884,"column":12},"end":{"line":884,"column":58}},"163":{"start":{"line":885,"column":12},"end":{"line":885,"column":68}},"164":{"start":{"line":886,"column":12},"end":{"line":886,"column":31998}},"165":{"start":{"line":908,"column":12},"end":{"line":908,"column":55}},"166":{"start":{"line":909,"column":12},"end":{"line":909,"column":71}},"167":{"start":{"line":910,"column":12},"end":{"line":910,"column":32728}},"168":{"start":{"line":912,"column":16},"end":{"line":912,"column":35}},"169":{"start":{"line":914,"column":12},"end":{"line":914,"column":74}},"170":{"start":{"line":919,"column":8},"end":{"line":919,"column":28}}},"branchMap":{"1":{"line":45,"type":"if","locations":[{"start":{"line":45,"column":8},"end":{"line":45,"column":8}},{"start":{"line":45,"column":8},"end":{"line":45,"column":8}}]},"2":{"line":47,"type":"if","locations":[{"start":{"line":47,"column":8},"end":{"line":47,"column":8}},{"start":{"line":47,"column":8},"end":{"line":47,"column":8}}]},"3":{"line":76,"type":"if","locations":[{"start":{"line":76,"column":12},"end":{"line":76,"column":12}},{"start":{"line":76,"column":12},"end":{"line":76,"column":12}}]},"4":{"line":182,"type":"if","locations":[{"start":{"line":182,"column":12},"end":{"line":182,"column":12}},{"start":{"line":182,"column":12},"end":{"line":182,"column":12}}]},"5":{"line":230,"type":"if","locations":[{"start":{"line":230,"column":8},"end":{"line":230,"column":8}},{"start":{"line":230,"column":8},"end":{"line":230,"column":8}}]},"6":{"line":273,"type":"if","locations":[{"start":{"line":273,"column":8},"end":{"line":273,"column":8}},{"start":{"line":273,"column":8},"end":{"line":273,"column":8}}]},"7":{"line":279,"type":"if","locations":[{"start":{"line":279,"column":12},"end":{"line":279,"column":12}},{"start":{"line":279,"column":12},"end":{"line":279,"column":12}}]},"8":{"line":290,"type":"if","locations":[{"start":{"line":290,"column":8},"end":{"line":290,"column":8}},{"start":{"line":290,"column":8},"end":{"line":290,"column":8}}]},"9":{"line":292,"type":"if","locations":[{"start":{"line":292,"column":12},"end":{"line":292,"column":12}},{"start":{"line":292,"column":12},"end":{"line":292,"column":12}}]},"10":{"line":294,"type":"if","locations":[{"start":{"line":294,"column":16},"end":{"line":294,"column":16}},{"start":{"line":294,"column":16},"end":{"line":294,"column":16}}]},"11":{"line":341,"type":"if","locations":[{"start":{"line":341,"column":8},"end":{"line":341,"column":8}},{"start":{"line":341,"column":8},"end":{"line":341,"column":8}}]},"12":{"line":342,"type":"if","locations":[{"start":{"line":342,"column":12},"end":{"line":342,"column":12}},{"start":{"line":342,"column":12},"end":{"line":342,"column":12}}]},"13":{"line":374,"type":"if","locations":[{"start":{"line":374,"column":18},"end":{"line":374,"column":49}},{"start":{"line":375,"column":18},"end":{"line":375,"column":27}}]},"14":{"line":393,"type":"if","locations":[{"start":{"line":393,"column":8},"end":{"line":393,"column":8}},{"start":{"line":393,"column":8},"end":{"line":393,"column":8}}]},"15":{"line":422,"type":"if","locations":[{"start":{"line":422,"column":60},"end":{"line":422,"column":60}},{"start":{"line":422,"column":64},"end":{"line":422,"column":64}}]},"16":{"line":438,"type":"if","locations":[{"start":{"line":438,"column":8},"end":{"line":438,"column":8}},{"start":{"line":438,"column":8},"end":{"line":438,"column":8}}]},"17":{"line":440,"type":"if","locations":[{"start":{"line":440,"column":12},"end":{"line":440,"column":12}},{"start":{"line":440,"column":12},"end":{"line":440,"column":12}}]},"18":{"line":449,"type":"if","locations":[{"start":{"line":449,"column":12},"end":{"line":449,"column":12}},{"start":{"line":449,"column":12},"end":{"line":449,"column":12}}]},"19":{"line":455,"type":"if","locations":[{"start":{"line":455,"column":12},"end":{"line":455,"column":12}},{"start":{"line":455,"column":12},"end":{"line":455,"column":12}}]},"20":{"line":461,"type":"if","locations":[{"start":{"line":461,"column":12},"end":{"line":461,"column":12}},{"start":{"line":461,"column":12},"end":{"line":461,"column":12}}]},"21":{"line":496,"type":"if","locations":[{"start":{"line":496,"column":8},"end":{"line":496,"column":8}},{"start":{"line":496,"column":8},"end":{"line":496,"column":8}}]},"22":{"line":498,"type":"if","locations":[{"start":{"line":498,"column":8},"end":{"line":498,"column":8}},{"start":{"line":498,"column":8},"end":{"line":498,"column":8}}]},"23":{"line":502,"type":"if","locations":[{"start":{"line":502,"column":8},"end":{"line":502,"column":8}},{"start":{"line":502,"column":8},"end":{"line":502,"column":8}}]},"24":{"line":546,"type":"if","locations":[{"start":{"line":546,"column":12},"end":{"line":546,"column":12}},{"start":{"line":546,"column":12},"end":{"line":546,"column":12}}]},"25":{"line":555,"type":"if","locations":[{"start":{"line":555,"column":20},"end":{"line":555,"column":20}},{"start":{"line":555,"column":20},"end":{"line":555,"column":20}}]},"26":{"line":567,"type":"if","locations":[{"start":{"line":567,"column":12},"end":{"line":567,"column":12}},{"start":{"line":567,"column":12},"end":{"line":567,"column":12}}]},"27":{"line":570,"type":"if","locations":[{"start":{"line":570,"column":22},"end":{"line":570,"column":22}},{"start":{"line":571,"column":22},"end":{"line":571,"column":42}}]},"28":{"line":584,"type":"if","locations":[{"start":{"line":584,"column":12},"end":{"line":584,"column":12}},{"start":{"line":584,"column":12},"end":{"line":584,"column":12}}]},"29":{"line":587,"type":"if","locations":[{"start":{"line":587,"column":16},"end":{"line":587,"column":16}},{"start":{"line":587,"column":16},"end":{"line":587,"column":16}}]},"30":{"line":617,"type":"if","locations":[{"start":{"line":617,"column":12},"end":{"line":617,"column":12}},{"start":{"line":617,"column":12},"end":{"line":617,"column":12}}]},"31":{"line":627,"type":"if","locations":[{"start":{"line":627,"column":12},"end":{"line":627,"column":12}},{"start":{"line":627,"column":12},"end":{"line":627,"column":12}}]},"32":{"line":662,"type":"if","locations":[{"start":{"line":662,"column":8},"end":{"line":662,"column":8}},{"start":{"line":662,"column":8},"end":{"line":662,"column":8}}]},"33":{"line":665,"type":"if","locations":[{"start":{"line":665,"column":8},"end":{"line":665,"column":8}},{"start":{"line":665,"column":8},"end":{"line":665,"column":8}}]},"34":{"line":669,"type":"if","locations":[{"start":{"line":669,"column":8},"end":{"line":669,"column":8}},{"start":{"line":669,"column":8},"end":{"line":669,"column":8}}]},"35":{"line":676,"type":"if","locations":[{"start":{"line":676,"column":8},"end":{"line":676,"column":8}},{"start":{"line":676,"column":8},"end":{"line":676,"column":8}}]},"36":{"line":690,"type":"if","locations":[{"start":{"line":690,"column":8},"end":{"line":690,"column":8}},{"start":{"line":690,"column":8},"end":{"line":690,"column":8}}]},"37":{"line":740,"type":"if","locations":[{"start":{"line":740,"column":8},"end":{"line":740,"column":8}},{"start":{"line":740,"column":8},"end":{"line":740,"column":8}}]},"38":{"line":741,"type":"if","locations":[{"start":{"line":741,"column":8},"end":{"line":741,"column":8}},{"start":{"line":741,"column":8},"end":{"line":741,"column":8}}]},"39":{"line":776,"type":"if","locations":[{"start":{"line":776,"column":8},"end":{"line":776,"column":8}},{"start":{"line":776,"column":8},"end":{"line":776,"column":8}}]},"40":{"line":796,"type":"if","locations":[{"start":{"line":796,"column":8},"end":{"line":796,"column":8}},{"start":{"line":796,"column":8},"end":{"line":796,"column":8}}]},"41":{"line":808,"type":"if","locations":[{"start":{"line":808,"column":12},"end":{"line":808,"column":12}},{"start":{"line":808,"column":12},"end":{"line":808,"column":12}}]},"42":{"line":846,"type":"if","locations":[{"start":{"line":846,"column":12},"end":{"line":846,"column":12}},{"start":{"line":846,"column":12},"end":{"line":846,"column":12}}]},"43":{"line":850,"type":"if","locations":[{"start":{"line":850,"column":16},"end":{"line":850,"column":16}},{"start":{"line":850,"column":16},"end":{"line":850,"column":16}}]},"44":{"line":852,"type":"if","locations":[{"start":{"line":852,"column":20},"end":{"line":852,"column":20}},{"start":{"line":852,"column":20},"end":{"line":852,"column":20}}]},"45":{"line":876,"type":"if","locations":[{"start":{"line":876,"column":12},"end":{"line":876,"column":12}},{"start":{"line":876,"column":12},"end":{"line":876,"column":12}}]},"46":{"line":910,"type":"if","locations":[{"start":{"line":910,"column":12},"end":{"line":910,"column":12}},{"start":{"line":910,"column":12},"end":{"line":910,"column":12}}]},"47":{"line":919,"type":"if","locations":[{"start":{"line":919,"column":23},"end":{"line":919,"column":23}},{"start":{"line":919,"column":27},"end":{"line":919,"column":27}}]}}},"src/core/SenderCreator.sol":{"l":{"18":0,"19":0,"20":0,"22":0,"34":0,"35":0},"path":"/Users/lukewickens-pillar/Documents/etherspot-lite-contracts/src/core/SenderCreator.sol","s":{"1":0,"2":0,"3":0,"4":0},"b":{"1":[0,0]},"f":{"1":0},"fnMap":{"1":{"name":"createSender","line":14,"loc":{"start":{"line":14,"column":4},"end":{"line":37,"column":4}}}},"statementMap":{"1":{"start":{"line":18,"column":8},"end":{"line":18,"column":62}},"2":{"start":{"line":19,"column":8},"end":{"line":19,"column":49}},"3":{"start":{"line":20,"column":8},"end":{"line":20,"column":20}},"4":{"start":{"line":34,"column":8},"end":{"line":34,"column":1140}}},"branchMap":{"1":{"line":34,"type":"if","locations":[{"start":{"line":34,"column":8},"end":{"line":34,"column":8}},{"start":{"line":34,"column":8},"end":{"line":34,"column":8}}]}}},"src/core/StakeManager.sol":{"l":{"22":0,"31":0,"32":0,"33":0,"38":0,"42":0,"48":0,"49":0,"50":0,"51":0,"58":0,"59":0,"60":0,"69":0,"70":0,"71":0,"75":0,"76":0,"77":0,"78":0,"85":0,"93":0,"94":0,"95":0,"96":0,"97":0,"98":0,"99":0,"108":0,"109":0,"110":0,"111":0,"112":0,"116":0,"117":0,"118":0,"119":0,"120":0,"121":0,"132":0,"133":0,"134":0,"135":0,"136":0,"137":0},"path":"/Users/lukewickens-pillar/Documents/etherspot-lite-contracts/src/core/StakeManager.sol","s":{"1":0,"2":0,"3":0,"4":0,"5":0,"6":0,"7":0,"8":0,"9":0,"10":0,"11":0,"12":0,"13":0,"14":0,"15":0,"16":0,"17":0,"18":0,"19":0,"20":0,"21":0,"22":0,"23":0,"24":0,"25":0,"26":0,"27":0,"28":0,"29":0,"30":0,"31":0,"32":0,"33":0,"34":0},"b":{"1":[0,0],"2":[0,0],"3":[0,0],"4":[0,0],"5":[0,0],"6":[0,0],"7":[0,0],"8":[0,0],"9":[0,0],"10":[0,0],"11":[0,0],"12":[0,0],"13":[0,0]},"f":{"1":0,"2":0,"3":0,"4":0,"5":0,"6":0,"7":0,"8":0,"9":0},"fnMap":{"1":{"name":"getDepositInfo","line":17,"loc":{"start":{"line":17,"column":4},"end":{"line":23,"column":4}}},"2":{"name":"getStakeInfo","line":26,"loc":{"start":{"line":26,"column":4},"end":{"line":34,"column":4}}},"3":{"name":"balanceOf","line":37,"loc":{"start":{"line":37,"column":4},"end":{"line":39,"column":4}}},"4":{"name":"internalIncrementDeposit","line":45,"loc":{"start":{"line":45,"column":4},"end":{"line":52,"column":4}}},"5":{"name":"depositTo","line":57,"loc":{"start":{"line":57,"column":4},"end":{"line":61,"column":4}}},"6":{"name":"addStake","line":68,"loc":{"start":{"line":68,"column":4},"end":{"line":86,"column":4}}},"7":{"name":"unlockStake","line":92,"loc":{"start":{"line":92,"column":4},"end":{"line":100,"column":4}}},"8":{"name":"withdrawStake","line":107,"loc":{"start":{"line":107,"column":4},"end":{"line":122,"column":4}}},"9":{"name":"withdrawTo","line":129,"loc":{"start":{"line":129,"column":4},"end":{"line":138,"column":4}}}},"statementMap":{"1":{"start":{"line":22,"column":8},"end":{"line":22,"column":32}},"2":{"start":{"line":31,"column":8},"end":{"line":31,"column":56}},"3":{"start":{"line":38,"column":8},"end":{"line":38,"column":40}},"4":{"start":{"line":48,"column":8},"end":{"line":48,"column":52}},"5":{"start":{"line":49,"column":8},"end":{"line":49,"column":49}},"6":{"start":{"line":50,"column":8},"end":{"line":50,"column":66}},"7":{"start":{"line":58,"column":8},"end":{"line":58,"column":51}},"8":{"start":{"line":59,"column":8},"end":{"line":59,"column":52}},"9":{"start":{"line":60,"column":8},"end":{"line":60,"column":45}},"10":{"start":{"line":69,"column":8},"end":{"line":69,"column":55}},"11":{"start":{"line":70,"column":8},"end":{"line":70,"column":66}},"12":{"start":{"line":71,"column":8},"end":{"line":71,"column":2316}},"13":{"start":{"line":75,"column":8},"end":{"line":75,"column":46}},"14":{"start":{"line":76,"column":8},"end":{"line":76,"column":47}},"15":{"start":{"line":77,"column":8},"end":{"line":77,"column":59}},"16":{"start":{"line":85,"column":8},"end":{"line":85,"column":61}},"17":{"start":{"line":93,"column":8},"end":{"line":93,"column":55}},"18":{"start":{"line":94,"column":8},"end":{"line":94,"column":55}},"19":{"start":{"line":95,"column":8},"end":{"line":95,"column":48}},"20":{"start":{"line":96,"column":8},"end":{"line":96,"column":76}},"21":{"start":{"line":99,"column":8},"end":{"line":99,"column":52}},"22":{"start":{"line":108,"column":8},"end":{"line":108,"column":55}},"23":{"start":{"line":109,"column":8},"end":{"line":109,"column":34}},"24":{"start":{"line":110,"column":8},"end":{"line":110,"column":49}},"25":{"start":{"line":111,"column":8},"end":{"line":111,"column":70}},"26":{"start":{"line":112,"column":8},"end":{"line":112,"column":3877}},"27":{"start":{"line":119,"column":8},"end":{"line":119,"column":63}},"28":{"start":{"line":120,"column":8},"end":{"line":120,"column":65}},"29":{"start":{"line":121,"column":8},"end":{"line":121,"column":51}},"30":{"start":{"line":132,"column":8},"end":{"line":132,"column":55}},"31":{"start":{"line":133,"column":8},"end":{"line":133,"column":75}},"32":{"start":{"line":135,"column":8},"end":{"line":135,"column":67}},"33":{"start":{"line":136,"column":8},"end":{"line":136,"column":74}},"34":{"start":{"line":137,"column":8},"end":{"line":137,"column":45}}},"branchMap":{"1":{"line":50,"type":"if","locations":[{"start":{"line":50,"column":8},"end":{"line":50,"column":8}},{"start":{"line":50,"column":8},"end":{"line":50,"column":8}}]},"2":{"line":70,"type":"if","locations":[{"start":{"line":70,"column":8},"end":{"line":70,"column":8}},{"start":{"line":70,"column":8},"end":{"line":70,"column":8}}]},"3":{"line":71,"type":"if","locations":[{"start":{"line":71,"column":8},"end":{"line":71,"column":8}},{"start":{"line":71,"column":8},"end":{"line":71,"column":8}}]},"4":{"line":76,"type":"if","locations":[{"start":{"line":76,"column":8},"end":{"line":76,"column":8}},{"start":{"line":76,"column":8},"end":{"line":76,"column":8}}]},"5":{"line":77,"type":"if","locations":[{"start":{"line":77,"column":8},"end":{"line":77,"column":8}},{"start":{"line":77,"column":8},"end":{"line":77,"column":8}}]},"6":{"line":94,"type":"if","locations":[{"start":{"line":94,"column":8},"end":{"line":94,"column":8}},{"start":{"line":94,"column":8},"end":{"line":94,"column":8}}]},"7":{"line":95,"type":"if","locations":[{"start":{"line":95,"column":8},"end":{"line":95,"column":8}},{"start":{"line":95,"column":8},"end":{"line":95,"column":8}}]},"8":{"line":110,"type":"if","locations":[{"start":{"line":110,"column":8},"end":{"line":110,"column":8}},{"start":{"line":110,"column":8},"end":{"line":110,"column":8}}]},"9":{"line":111,"type":"if","locations":[{"start":{"line":111,"column":8},"end":{"line":111,"column":8}},{"start":{"line":111,"column":8},"end":{"line":111,"column":8}}]},"10":{"line":112,"type":"if","locations":[{"start":{"line":112,"column":8},"end":{"line":112,"column":8}},{"start":{"line":112,"column":8},"end":{"line":112,"column":8}}]},"11":{"line":121,"type":"if","locations":[{"start":{"line":121,"column":8},"end":{"line":121,"column":8}},{"start":{"line":121,"column":8},"end":{"line":121,"column":8}}]},"12":{"line":133,"type":"if","locations":[{"start":{"line":133,"column":8},"end":{"line":133,"column":8}},{"start":{"line":133,"column":8},"end":{"line":133,"column":8}}]},"13":{"line":137,"type":"if","locations":[{"start":{"line":137,"column":8},"end":{"line":137,"column":8}},{"start":{"line":137,"column":8},"end":{"line":137,"column":8}}]}}},"src/DepositPaymaster.sol":{"l":{"41":0,"51":0,"52":0,"71":0,"72":0,"73":0,"74":0,"75":0,"84":0,"85":0,"93":0,"101":0,"116":0,"121":0,"122":0,"137":0,"138":0,"139":0,"153":0,"155":0,"160":0,"161":0,"165":0,"166":0,"167":0,"168":0,"169":0,"173":0,"177":0,"195":0,"203":0,"206":0,"208":0,"211":0,"213":0},"path":"/Users/lukewickens-pillar/Documents/etherspot-lite-contracts/src/DepositPaymaster.sol","s":{"1":0,"2":0,"3":0,"4":0,"5":0,"6":0,"7":0,"8":0,"9":0,"10":0,"11":0,"12":0,"13":0,"14":0,"15":0,"16":0,"17":0,"18":0,"19":0,"20":0,"21":0,"22":0,"23":0,"24":0,"25":0},"b":{"1":[0,0],"2":[0,0],"3":[0,0],"4":[0,0],"5":[0,0],"6":[0,0],"7":[0,0],"8":[0,0],"9":[0,0],"10":[0,0],"11":[0,0]},"f":{"1":0,"2":0,"3":0,"4":0,"5":0,"6":0,"7":0,"8":0,"9":0,"10":0},"fnMap":{"1":{"name":"constructor","line":39,"loc":{"start":{"line":39,"column":4},"end":{"line":42,"column":4}}},"2":{"name":"addToken","line":49,"loc":{"start":{"line":47,"column":4},"end":{"line":53,"column":4}}},"3":{"name":"addDepositFor","line":65,"loc":{"start":{"line":65,"column":4},"end":{"line":77,"column":4}}},"4":{"name":"depositInfo","line":79,"loc":{"start":{"line":79,"column":4},"end":{"line":86,"column":4}}},"5":{"name":"unlockTokenDeposit","line":92,"loc":{"start":{"line":92,"column":4},"end":{"line":94,"column":4}}},"6":{"name":"lockTokenDeposit","line":100,"loc":{"start":{"line":100,"column":4},"end":{"line":102,"column":4}}},"7":{"name":"withdrawTokensTo","line":111,"loc":{"start":{"line":111,"column":4},"end":{"line":123,"column":4}}},"8":{"name":"getTokenValueOfEth","line":131,"loc":{"start":{"line":131,"column":4},"end":{"line":140,"column":4}}},"9":{"name":"validatePaymasterUserOp","line":148,"loc":{"start":{"line":148,"column":4},"end":{"line":181,"column":4}}},"10":{"name":"_postOp","line":190,"loc":{"start":{"line":190,"column":4},"end":{"line":214,"column":4}}}},"statementMap":{"1":{"start":{"line":41,"column":8},"end":{"line":41,"column":27}},"2":{"start":{"line":51,"column":8},"end":{"line":51,"column":45}},"3":{"start":{"line":71,"column":8},"end":{"line":71,"column":64}},"4":{"start":{"line":72,"column":8},"end":{"line":72,"column":66}},"5":{"start":{"line":74,"column":8},"end":{"line":74,"column":3070}},"6":{"start":{"line":75,"column":12},"end":{"line":75,"column":29}},"7":{"start":{"line":116,"column":8},"end":{"line":116,"column":4272}},"8":{"start":{"line":122,"column":8},"end":{"line":122,"column":41}},"9":{"start":{"line":137,"column":8},"end":{"line":137,"column":39}},"10":{"start":{"line":138,"column":8},"end":{"line":138,"column":76}},"11":{"start":{"line":139,"column":8},"end":{"line":139,"column":51}},"12":{"start":{"line":155,"column":8},"end":{"line":155,"column":5775}},"13":{"start":{"line":160,"column":8},"end":{"line":160,"column":65}},"14":{"start":{"line":161,"column":8},"end":{"line":161,"column":5982}},"15":{"start":{"line":165,"column":8},"end":{"line":165,"column":70}},"16":{"start":{"line":166,"column":8},"end":{"line":166,"column":44}},"17":{"start":{"line":167,"column":8},"end":{"line":167,"column":65}},"18":{"start":{"line":168,"column":8},"end":{"line":168,"column":50}},"19":{"start":{"line":169,"column":8},"end":{"line":169,"column":6363}},"20":{"start":{"line":173,"column":8},"end":{"line":173,"column":6481}},"21":{"start":{"line":177,"column":8},"end":{"line":177,"column":6612}},"22":{"start":{"line":195,"column":8},"end":{"line":195,"column":7348}},"23":{"start":{"line":203,"column":8},"end":{"line":203,"column":7625}},"24":{"start":{"line":206,"column":8},"end":{"line":206,"column":7714}},"25":{"start":{"line":208,"column":12},"end":{"line":208,"column":74}}},"branchMap":{"1":{"line":49,"type":"if","locations":[{"start":{"line":49,"column":8},"end":{"line":49,"column":8}},{"start":{"line":49,"column":8},"end":{"line":49,"column":8}}]},"2":{"line":51,"type":"if","locations":[{"start":{"line":51,"column":8},"end":{"line":51,"column":8}},{"start":{"line":51,"column":8},"end":{"line":51,"column":8}}]},"3":{"line":72,"type":"if","locations":[{"start":{"line":72,"column":8},"end":{"line":72,"column":8}},{"start":{"line":72,"column":8},"end":{"line":72,"column":8}}]},"4":{"line":74,"type":"if","locations":[{"start":{"line":74,"column":8},"end":{"line":74,"column":8}},{"start":{"line":74,"column":8},"end":{"line":74,"column":8}}]},"5":{"line":116,"type":"if","locations":[{"start":{"line":116,"column":8},"end":{"line":116,"column":8}},{"start":{"line":116,"column":8},"end":{"line":116,"column":8}}]},"6":{"line":138,"type":"if","locations":[{"start":{"line":138,"column":8},"end":{"line":138,"column":8}},{"start":{"line":138,"column":8},"end":{"line":138,"column":8}}]},"7":{"line":155,"type":"if","locations":[{"start":{"line":155,"column":8},"end":{"line":155,"column":8}},{"start":{"line":155,"column":8},"end":{"line":155,"column":8}}]},"8":{"line":161,"type":"if","locations":[{"start":{"line":161,"column":8},"end":{"line":161,"column":8}},{"start":{"line":161,"column":8},"end":{"line":161,"column":8}}]},"9":{"line":169,"type":"if","locations":[{"start":{"line":169,"column":8},"end":{"line":169,"column":8}},{"start":{"line":169,"column":8},"end":{"line":169,"column":8}}]},"10":{"line":173,"type":"if","locations":[{"start":{"line":173,"column":8},"end":{"line":173,"column":8}},{"start":{"line":173,"column":8},"end":{"line":173,"column":8}}]},"11":{"line":206,"type":"if","locations":[{"start":{"line":206,"column":8},"end":{"line":206,"column":8}},{"start":{"line":206,"column":8},"end":{"line":206,"column":8}}]}}},"src/EtherspotAccount.sol":{"l":{"28":0,"32":0,"46":0,"50":0,"51":0,"56":0,"70":0,"71":0,"80":0,"81":0,"85":0,"86":0,"96":0,"100":0,"101":0,"113":0,"124":0,"133":0,"134":0,"135":0,"136":0,"144":0,"145":0,"146":0,"156":0,"163":0,"164":0,"176":0,"184":0,"185":0},"path":"/Users/lukewickens-pillar/Documents/etherspot-lite-contracts/src/EtherspotAccount.sol","s":{"1":0,"2":0,"3":0,"4":0,"5":0,"6":0,"7":0,"8":0,"9":0,"10":0,"11":0,"12":0,"13":0,"14":0,"15":0,"16":0,"17":0,"18":0,"19":0,"20":0,"21":0,"22":0,"23":0,"24":0,"25":0},"b":{"1":[0,0],"2":[0,0],"3":[0,0],"4":[0,0],"5":[0,0],"6":[0,0],"7":[0,0],"8":[0,0],"9":[0,0],"10":[0,0],"11":[0,0]},"f":{"1":0,"2":0,"3":0,"4":0,"5":0,"6":0,"7":0,"8":0,"9":0,"10":0,"11":0,"12":0,"13":0,"14":0,"15":0,"16":0,"17":0},"fnMap":{"1":{"name":"nonce","line":27,"loc":{"start":{"line":27,"column":4},"end":{"line":29,"column":4}}},"2":{"name":"entryPoint","line":31,"loc":{"start":{"line":31,"column":4},"end":{"line":33,"column":4}}},"3":{"name":"constructor","line":45,"loc":{"start":{"line":45,"column":4},"end":{"line":47,"column":4}}},"4":{"name":"onlyOwner","line":49,"loc":{"start":{"line":49,"column":4},"end":{"line":52,"column":4}}},"5":{"name":"_onlyOwner","line":54,"loc":{"start":{"line":54,"column":4},"end":{"line":60,"column":4}}},"6":{"name":"execute","line":65,"loc":{"start":{"line":65,"column":4},"end":{"line":72,"column":4}}},"7":{"name":"executeBatch","line":77,"loc":{"start":{"line":77,"column":4},"end":{"line":88,"column":4}}},"8":{"name":"initialize","line":95,"loc":{"start":{"line":95,"column":4},"end":{"line":97,"column":4}}},"9":{"name":"_initialize","line":99,"loc":{"start":{"line":99,"column":4},"end":{"line":102,"column":4}}},"10":{"name":"_requireFromEntryPointOrOwner","line":112,"loc":{"start":{"line":112,"column":4},"end":{"line":117,"column":4}}},"11":{"name":"_validateAndUpdateNonce","line":120,"loc":{"start":{"line":120,"column":4},"end":{"line":125,"column":4}}},"12":{"name":"_validateSignature","line":128,"loc":{"start":{"line":128,"column":4},"end":{"line":137,"column":4}}},"13":{"name":"_call","line":139,"loc":{"start":{"line":139,"column":4},"end":{"line":150,"column":4}}},"14":{"name":"getDeposit","line":155,"loc":{"start":{"line":155,"column":4},"end":{"line":157,"column":4}}},"15":{"name":"addDeposit","line":162,"loc":{"start":{"line":162,"column":4},"end":{"line":165,"column":4}}},"16":{"name":"withdrawDepositTo","line":174,"loc":{"start":{"line":172,"column":4},"end":{"line":177,"column":4}}},"17":{"name":"_authorizeUpgrade","line":179,"loc":{"start":{"line":179,"column":4},"end":{"line":186,"column":4}}}},"statementMap":{"1":{"start":{"line":28,"column":8},"end":{"line":28,"column":21}},"2":{"start":{"line":32,"column":8},"end":{"line":32,"column":26}},"3":{"start":{"line":50,"column":8},"end":{"line":50,"column":19}},"4":{"start":{"line":56,"column":8},"end":{"line":56,"column":1627}},"5":{"start":{"line":70,"column":8},"end":{"line":70,"column":38}},"6":{"start":{"line":71,"column":8},"end":{"line":71,"column":31}},"7":{"start":{"line":80,"column":8},"end":{"line":80,"column":38}},"8":{"start":{"line":81,"column":8},"end":{"line":81,"column":2252}},"9":{"start":{"line":85,"column":8},"end":{"line":85,"column":2388}},"10":{"start":{"line":86,"column":12},"end":{"line":86,"column":37}},"11":{"start":{"line":96,"column":8},"end":{"line":96,"column":27}},"12":{"start":{"line":101,"column":8},"end":{"line":101,"column":53}},"13":{"start":{"line":113,"column":8},"end":{"line":113,"column":3317}},"14":{"start":{"line":124,"column":8},"end":{"line":124,"column":76}},"15":{"start":{"line":133,"column":8},"end":{"line":133,"column":58}},"16":{"start":{"line":134,"column":8},"end":{"line":134,"column":4046}},"17":{"start":{"line":135,"column":12},"end":{"line":135,"column":40}},"18":{"start":{"line":136,"column":8},"end":{"line":136,"column":16}},"1
[...]
,"column":8},"end":{"line":35,"column":8}}]}}},"src/samples/TestAggregatedAccountFactory.sol":{"l":{"18":0,"34":0,"35":0,"36":0,"37":0,"39":0,"57":0},"path":"/Users/lukewickens-pillar/Documents/etherspot-lite-contracts/src/samples/TestAggregatedAccountFactory.sol","s":{"1":0,"2":0,"3":0,"4":0,"5":0},"b":{"1":[0,0]},"f":{"1":0,"2":0,"3":0},"fnMap":{"1":{"name":"constructor","line":17,"loc":{"start":{"line":17,"column":4},"end":{"line":22,"column":4}}},"2":{"name":"createAccount","line":30,"loc":{"start":{"line":30,"column":4},"end":{"line":47,"column":4}}},"3":{"name":"getAddress","line":52,"loc":{"start":{"line":52,"column":4},"end":{"line":73,"column":4}}}},"statementMap":{"1":{"start":{"line":34,"column":8},"end":{"line":34,"column":46}},"2":{"start":{"line":35,"column":8},"end":{"line":35,"column":43}},"3":{"start":{"line":36,"column":8},"end":{"line":36,"column":1295}},"4":{"start":{"line":37,"column":12},"end":{"line":37,"column":55}},"5":{"start":{"line":57,"column":8},"end":{"line":57,"column":1920}}},"branchMap":{"1":{"line":36,"type":"if","locations":[{"start":{"line":36,"column":8},"end":{"line":36,"column":8}},{"start":{"line":36,"column":8},"end":{"line":36,"column":8}}]}}},"src/TEST_EtherspotPaymaster.sol":{"l":{"57":0,"61":0,"65":0,"66":0,"70":0,"74":0,"78":0,"79":0,"95":0,"125":0,"127":0,"128":0,"129":0,"132":0,"138":0,"139":0,"143":0,"155":0},"path":"/Users/lukewickens-pillar/Documents/etherspot-lite-contracts/src/TEST_EtherspotPaymaster.sol","s":{"1":0,"2":0,"3":0,"4":0,"5":0,"6":0,"7":0,"8":0,"9":0,"10":0,"11":0,"12":0,"13":0,"14":0,"15":0,"16":0},"b":{"1":[0,0],"2":[0,0],"3":[0,0],"4":[0,0],"5":[0,0],"6":[0,0],"7":[0,0]},"f":{"1":0,"2":0,"3":0,"4":0,"5":0},"fnMap":{"1":{"name":"constructor","line":54,"loc":{"start":{"line":54,"column":4},"end":{"line":54,"column":69}}},"2":{"name":"addToWhitelist","line":56,"loc":{"start":{"line":56,"column":4},"end":{"line":67,"column":4}}},"3":{"name":"removeFromWhitelist","line":69,"loc":{"start":{"line":69,"column":4},"end":{"line":80,"column":4}}},"4":{"name":"getHash","line":89,"loc":{"start":{"line":89,"column":4},"end":{"line":109,"column":4}}},"5":{"name":"validatePaymasterUserOp","line":115,"loc":{"start":{"line":115,"column":4},"end":{"line":156,"column":4}}}},"statementMap":{"1":{"start":{"line":57,"column":8},"end":{"line":57,"column":2045}},"2":{"start":{"line":61,"column":8},"end":{"line":61,"column":2173}},"3":{"start":{"line":66,"column":8},"end":{"line":66,"column":51}},"4":{"start":{"line":70,"column":8},"end":{"line":70,"column":2483}},"5":{"start":{"line":74,"column":8},"end":{"line":74,"column":2611}},"6":{"start":{"line":79,"column":8},"end":{"line":79,"column":55}},"7":{"start":{"line":95,"column":8},"end":{"line":95,"column":3471}},"8":{"start":{"line":127,"column":8},"end":{"line":127,"column":38}},"9":{"start":{"line":128,"column":8},"end":{"line":128,"column":65}},"10":{"start":{"line":129,"column":8},"end":{"line":129,"column":56}},"11":{"start":{"line":132,"column":8},"end":{"line":132,"column":4805}},"12":{"start":{"line":138,"column":8},"end":{"line":138,"column":40}},"13":{"start":{"line":139,"column":8},"end":{"line":139,"column":5041}},"14":{"start":{"line":143,"column":8},"end":{"line":143,"column":51}},"15":{"start":{"line":143,"column":37},"end":{"line":143,"column":51}},"16":{"start":{"line":155,"column":8},"end":{"line":155,"column":22}}},"branchMap":{"1":{"line":57,"type":"if","locations":[{"start":{"line":57,"column":8},"end":{"line":57,"column":8}},{"start":{"line":57,"column":8},"end":{"line":57,"column":8}}]},"2":{"line":61,"type":"if","locations":[{"start":{"line":61,"column":8},"end":{"line":61,"column":8}},{"start":{"line":61,"column":8},"end":{"line":61,"column":8}}]},"3":{"line":70,"type":"if","locations":[{"start":{"line":70,"column":8},"end":{"line":70,"column":8}},{"start":{"line":70,"column":8},"end":{"line":70,"column":8}}]},"4":{"line":74,"type":"if","locations":[{"start":{"line":74,"column":8},"end":{"line":74,"column":8}},{"start":{"line":74,"column":8},"end":{"line":74,"column":8}}]},"5":{"line":132,"type":"if","locations":[{"start":{"line":132,"column":8},"end":{"line":132,"column":8}},{"start":{"line":132,"column":8},"end":{"line":132,"column":8}}]},"6":{"line":133,"type":"cond-expr","locations":[{"start":{"line":133,"column":12},"end":{"line":133,"column":26}},{"start":{"line":133,"column":31},"end":{"line":133,"column":45}}]},"7":{"line":143,"type":"if","locations":[{"start":{"line":143,"column":8},"end":{"line":143,"column":8}},{"start":{"line":143,"column":8},"end":{"line":143,"column":8}}]}}},"src/test/MaliciousAccount.sol":{"l":{"11":0,"20":0,"22":0,"25":0,"26":0,"27":0,"28":0},"path":"/Users/lukewickens-pillar/Documents/etherspot-lite-contracts/src/test/MaliciousAccount.sol","s":{"1":0,"2":0,"3":0,"4":0,"5":0,"6":0},"b":{"1":[0,0]},"f":{"1":0,"2":0},"fnMap":{"1":{"name":"constructor","line":10,"loc":{"start":{"line":10,"column":4},"end":{"line":12,"column":4}}},"2":{"name":"validateUserOp","line":14,"loc":{"start":{"line":14,"column":4},"end":{"line":29,"column":4}}}},"statementMap":{"1":{"start":{"line":20,"column":8},"end":{"line":20,"column":62}},"2":{"start":{"line":22,"column":8},"end":{"line":22,"column":730}},"3":{"start":{"line":25,"column":8},"end":{"line":25,"column":60}},"4":{"start":{"line":26,"column":8},"end":{"line":26,"column":64}},"5":{"start":{"line":27,"column":8},"end":{"line":27,"column":72}},"6":{"start":{"line":28,"column":8},"end":{"line":28,"column":16}}},"branchMap":{"1":{"line":27,"type":"if","locations":[{"start":{"line":27,"column":8},"end":{"line":27,"column":8}},{"start":{"line":27,"column":8},"end":{"line":27,"column":8}}]}}},"src/test/TestAggregatedAccount.sol":{"l":{"22":0,"26":0,"34":0,"35":0,"36":0,"40":0},"path":"/Users/lukewickens-pillar/Documents/etherspot-lite-contracts/src/test/TestAggregatedAccount.sol","s":{"1":0,"2":0,"3":0,"4":0},"b":{"1":[0,0],"2":[0,0]},"f":{"1":0,"2":0,"3":0,"4":0},"fnMap":{"1":{"name":"constructor","line":20,"loc":{"start":{"line":19,"column":4},"end":{"line":23,"column":4}}},"2":{"name":"initialize","line":25,"loc":{"start":{"line":25,"column":4},"end":{"line":27,"column":4}}},"3":{"name":"_validateSignature","line":29,"loc":{"start":{"line":29,"column":4},"end":{"line":37,"column":4}}},"4":{"name":"getAggregator","line":39,"loc":{"start":{"line":39,"column":4},"end":{"line":41,"column":4}}}},"statementMap":{"1":{"start":{"line":26,"column":8},"end":{"line":26,"column":36}},"2":{"start":{"line":35,"column":8},"end":{"line":35,"column":66}},"3":{"start":{"line":36,"column":8},"end":{"line":36,"column":16}},"4":{"start":{"line":40,"column":8},"end":{"line":40,"column":25}}},"branchMap":{"1":{"line":25,"type":"if","locations":[{"start":{"line":25,"column":57},"end":{"line":25,"column":57}},{"start":{"line":25,"column":57},"end":{"line":25,"column":57}}]},"2":{"line":35,"type":"if","locations":[{"start":{"line":35,"column":8},"end":{"line":35,"column":8}},{"start":{"line":35,"column":8},"end":{"line":35,"column":8}}]}}},"src/test/TestCounter.sol":{"l":{"9":0,"13":0,"28":0,"29":0,"30":0},"path":"/Users/lukewickens-pillar/Documents/etherspot-lite-contracts/src/test/TestCounter.sol","s":{"1":0,"2":0},"b":{},"f":{"1":0,"2":0,"3":0},"fnMap":{"1":{"name":"count","line":8,"loc":{"start":{"line":8,"column":4},"end":{"line":10,"column":4}}},"2":{"name":"justemit","line":12,"loc":{"start":{"line":12,"column":4},"end":{"line":14,"column":4}}},"3":{"name":"gasWaster","line":24,"loc":{"start":{"line":24,"column":4},"end":{"line":32,"column":4}}}},"statementMap":{"1":{"start":{"line":13,"column":8},"end":{"line":13,"column":35}},"2":{"start":{"line":28,"column":8},"end":{"line":28,"column":741}}},"branchMap":{}},"src/test/TestExpirePaymaster.sol":{"l":{"24":0,"25":0,"29":0,"30":0},"path":"/Users/lukewickens-pillar/Documents/etherspot-lite-contracts/src/test/TestExpirePaymaster.sol","s":{"1":0},"b":{},"f":{"1":0,"2":0},"fnMap":{"1":{"name":"constructor","line":11,"loc":{"start":{"line":11,"column":4},"end":{"line":11,"column":69}}},"2":{"name":"validatePaymasterUserOp","line":13,"loc":{"start":{"line":13,"column":4},"end":{"line":31,"column":4}}}},"statementMap":{"1":{"start":{"line":25,"column":8},"end":{"line":25,"column":665}}},"branchMap":{}},"src/test/TestExpiryAccount.sol":{"l":{"23":0,"24":0,"32":0,"33":0,"34":0,"43":0,"44":0,"45":0,"46":0,"49":0,"50":0},"path":"/Users/lukewickens-pillar/Documents/etherspot-lite-contracts/src/test/TestExpiryAccount.sol","s":{"1":0,"2":0,"3":0,"4":0,"5":0,"6":0,"7":0,"8":0,"9":0},"b":{"1":[0,0],"2":[0,0],"3":[0,0]},"f":{"1":0,"2":0,"3":0,"4":0},"fnMap":{"1":{"name":"constructor","line":20,"loc":{"start":{"line":20,"column":4},"end":{"line":20,"column":74}}},"2":{"name":"initialize","line":22,"loc":{"start":{"line":22,"column":4},"end":{"line":25,"column":4}}},"3":{"name":"addTemporaryOwner","line":31,"loc":{"start":{"line":27,"column":4},"end":{"line":35,"column":4}}},"4":{"name":"_validateSignature","line":38,"loc":{"start":{"line":38,"column":4},"end":{"line":51,"column":4}}}},"statementMap":{"1":{"start":{"line":23,"column":8},"end":{"line":23,"column":33}},"2":{"start":{"line":24,"column":8},"end":{"line":24,"column":54}},"3":{"start":{"line":32,"column":8},"end":{"line":32,"column":52}},"4":{"start":{"line":43,"column":8},"end":{"line":43,"column":58}},"5":{"start":{"line":44,"column":8},"end":{"line":44,"column":55}},"6":{"start":{"line":45,"column":8},"end":{"line":45,"column":42}},"7":{"start":{"line":46,"column":8},"end":{"line":46,"column":42}},"8":{"start":{"line":49,"column":8},"end":{"line":49,"column":36}},"9":{"start":{"line":50,"column":8},"end":{"line":50,"column":58}}},"branchMap":{"1":{"line":22,"type":"if","locations":[{"start":{"line":22,"column":65},"end":{"line":22,"column":65}},{"start":{"line":22,"column":65},"end":{"line":22,"column":65}}]},"2":{"line":31,"type":"if","locations":[{"start":{"line":31,"column":13},"end":{"line":31,"column":13}},{"start":{"line":31,"column":13},"end":{"line":31,"column":13}}]},"3":{"line":32,"type":"if","locations":[{"start":{"line":32,"column":8},"end":{"line":32,"column":8}},{"start":{"line":32,"column":8},"end":{"line":32,"column":8}}]}}},"src/test/TestOracle.sol":{"l":{"13":0},"path":"/Users/lukewickens-pillar/Documents/etherspot-lite-contracts/src/test/TestOracle.sol","s":{"1":0},"b":{},"f":{"1":0},"fnMap":{"1":{"name":"getTokenValueOfEth","line":7,"loc":{"start":{"line":7,"column":4},"end":{"line":14,"column":4}}}},"statementMap":{"1":{"start":{"line":13,"column":8},"end":{"line":13,"column":28}}},"branchMap":{}},"src/test/TestPaymasterAcceptAll.sol":{"l":{"13":0,"14":0,"29":0,"30":0},"path":"/Users/lukewickens-pillar/Documents/etherspot-lite-contracts/src/test/TestPaymasterAcceptAll.sol","s":{"1":0,"2":0,"3":0},"b":{"1":[0,0]},"f":{"1":0,"2":0},"fnMap":{"1":{"name":"constructor","line":10,"loc":{"start":{"line":10,"column":4},"end":{"line":16,"column":4}}},"2":{"name":"validatePaymasterUserOp","line":18,"loc":{"start":{"line":18,"column":4},"end":{"line":31,"column":4}}}},"statementMap":{"1":{"start":{"line":13,"column":8},"end":{"line":13,"column":412}},"2":{"start":{"line":14,"column":12},"end":{"line":14,"column":40}},"3":{"start":{"line":30,"column":8},"end":{"line":30,"column":22}}},"branchMap":{"1":{"line":13,"type":"if","locations":[{"start":{"line":13,"column":8},"end":{"line":13,"column":8}},{"start":{"line":13,"column":8},"end":{"line":13,"column":8}}]}}},"src/test/TestRevertAccount.sol":{"l":{"11":0,"20":0,"21":0,"25":0},"path":"/Users/lukewickens-pillar/Documents/etherspot-lite-contracts/src/test/TestRevertAccount.sol","s":{"1":0,"2":0},"b":{},"f":{"1":0,"2":0,"3":0},"fnMap":{"1":{"name":"constructor","line":10,"loc":{"start":{"line":10,"column":4},"end":{"line":12,"column":4}}},"2":{"name":"validateUserOp","line":14,"loc":{"start":{"line":14,"column":4},"end":{"line":22,"column":4}}},"3":{"name":"revertLong","line":24,"loc":{"start":{"line":24,"column":4},"end":{"line":28,"column":4}}}},"statementMap":{"1":{"start":{"line":20,"column":8},"end":{"line":20,"column":62}},"2":{"start":{"line":21,"column":8},"end":{"line":21,"column":16}}},"branchMap":{}},"src/test/TestSignatureAggregator.sol":{"l":{"19":0,"20":0,"21":0,"22":0,"25":0,"29":0,"30":0,"41":0,"52":0,"53":0,"54":0,"56":0,"60":0},"path":"/Users/lukewickens-pillar/Documents/etherspot-lite-contracts/src/test/TestSignatureAggregator.sol","s":{"1":0,"2":0,"3":0,"4":0,"5":0,"6":0,"7":0,"8":0,"9":0,"10":0,"11":0},"b":{"1":[0,0],"2":[0,0]},"f":{"1":0,"2":0,"3":0,"4":0},"fnMap":{"1":{"name":"validateSignatures","line":15,"loc":{"start":{"line":15,"column":4},"end":{"line":34,"column":4}}},"2":{"name":"validateUserOpSignature","line":36,"loc":{"start":{"line":36,"column":4},"end":{"line":42,"column":4}}},"3":{"name":"aggregateSignatures","line":47,"loc":{"start":{"line":47,"column":4},"end":{"line":57,"column":4}}},"4":{"name":"addStake","line":59,"loc":{"start":{"line":59,"column":4},"end":{"line":61,"column":4}}}},"statementMap":{"1":{"start":{"line":19,"column":8},"end":{"line":19,"column":23}},"2":{"start":{"line":20,"column":8},"end":{"line":20,"column":534}},"3":{"start":{"line":21,"column":12},"end":{"line":21,"column":44}},"4":{"start":{"line":25,"column":8},"end":{"line":25,"column":767}},"5":{"start":{"line":29,"column":8},"end":{"line":29,"column":54}},"6":{"start":{"line":30,"column":8},"end":{"line":30,"column":942}},"7":{"start":{"line":41,"column":8},"end":{"line":41,"column":17}},"8":{"start":{"line":52,"column":8},"end":{"line":52,"column":23}},"9":{"start":{"line":53,"column":8},"end":{"line":53,"column":1493}},"10":{"start":{"line":56,"column":8},"end":{"line":56,"column":30}},"11":{"start":{"line":60,"column":8},"end":{"line":60,"column":51}}},"branchMap":{"1":{"line":25,"type":"if","locations":[{"start":{"line":25,"column":8},"end":{"line":25,"column":8}},{"start":{"line":25,"column":8},"end":{"line":25,"column":8}}]},"2":{"line":30,"type":"if","locations":[{"start":{"line":30,"column":8},"end":{"line":30,"column":8}},{"start":{"line":30,"column":8},"end":{"line":30,"column":8}}]}}},"src/test/TestToken.sol":{"l":{"13":0},"path":"/Users/lukewickens-pillar/Documents/etherspot-lite-contracts/src/test/TestToken.sol","s":{"1":0},"b":{},"f":{"1":0,"2":0},"fnMap":{"1":{"name":"constructor","line":9,"loc":{"start":{"line":7,"column":4},"end":{"line":10,"column":5}}},"2":{"name":"mint","line":12,"loc":{"start":{"line":12,"column":4},"end":{"line":14,"column":4}}}},"statementMap":{"1":{"start":{"line":13,"column":8},"end":{"line":13,"column":28}}},"branchMap":{}},"src/test/TestUtil.sol":{"l":{"14":0},"path":"/Users/lukewickens-pillar/Documents/etherspot-lite-contracts/src/test/TestUtil.sol","s":{"1":0},"b":{},"f":{"1":0},"fnMap":{"1":{"name":"packUserOp","line":9,"loc":{"start":{"line":9,"column":4},"end":{"line":15,"column":4}}}},"statementMap":{"1":{"start":{"line":14,"column":8},"end":{"line":14,"column":24}}},"branchMap":{}},"src/test/TestWarmColdAccount.sol":{"l":{"15":0,"24":0,"25":0,"27":0,"29":0,"31":0,"33":0,"37":0,"38":0,"42":0,"46":0},"path":"/Users/lukewickens-pillar/Documents/etherspot-lite-contracts/src/test/TestWarmColdAccount.sol","s":{"1":0,"2":0,"3":0,"4":0,"5":0,"6":0,"7":0,"8":0,"9":0,"10":0,"11":0},"b":{"1":[0,0],"2":[0,0]},"f":{"1":0,"2":0,"3":0,"4":0,"5":0},"fnMap":{"1":{"name":"constructor","line":14,"loc":{"start":{"line":14,"column":4},"end":{"line":16,"column":4}}},"2":{"name":"validateUserOp","line":18,"loc":{"start":{"line":18,"column":4},"end":{"line":34,"column":4}}},"3":{"name":"getAggregator","line":36,"loc":{"start":{"line":36,"column":4},"end":{"line":39,"column":4}}},"4":{"name":"touchStorage","line":41,"loc":{"start":{"line":41,"column":4},"end":{"line":43,"column":4}}},"5":{"name":"touchPaymaster","line":45,"loc":{"start":{"line":45,"column":4},"end":{"line":47,"column":4}}}},"statementMap":{"1":{"start":{"line":24,"column":8},"end":{"line":24,"column":62}},"2":{"start":{"line":25,"column":8},"end":{"line":25,"column":874}},"3":{"start":{"line":27,"column":12},"end":{"line":27,"column":41}},"4":{"start":{"line":28,"column":15},"end":{"line":28,"column":1017}},"5":{"start":{"line":29,"column":12},"end":{"line":29,"column":78}},"6":{"start":{"line":31,"column":12},"end":{"line":31,"column":52}},"7":{"start":{"line":33,"column":8},"end":{"line":33,"column":16}},"8":{"start":{"line":37,"column":8},"end":{"line":37,"column":21}},"9":{"start":{"line":38,"column":8},"end":{"line":38,"column":25}},"10":{"start":{"line":42,"column":8},"end":{"line":42,"column":20}},"11":{"start":{"line":46,"column":8},"end":{"line":46,"column":36}}},"branchMap":{"1":{"line":25,"type":"if","locations":[{"start":{"line":25,"column":8},"end":{"line":25,"column":8}},{"start":{"line":25,"column":8},"end":{"line":25,"column":8}}]},"2":{"line":28,"type":"if","locations":[{"start":{"line":28,"column":15},"end":{"line":28,"column":15}},{"start":{"line":28,"column":15},"end":{"line":28,"column":15}}]}}},"src/utils/Exec.sol":{"l":{"13":0,"31":0,"41":0,"59":0,"74":0,"84":0,"85":0,"86":0},"path":"/Users/lukewickens-pillar/Documents/etherspot-lite-contracts/src/utils/Exec.sol","s":{"1":0,"2":0,"3":0},"b":{"1":[0,0]},"f":{"1":0,"2":0,"3":0,"4":0,"5":0,"6":0},"fnMap":{"1":{"name":"call","line":7,"loc":{"start":{"line":7,"column":4},"end":{"line":24,"column":4}}},"2":{"name":"staticcall","line":26,"loc":{"start":{"line":26,"column":4},"end":{"line":34,"column":4}}},"3":{"name":"delegateCall","line":36,"loc":{"start":{"line":36,"column":4},"end":{"line":51,"column":4}}},"4":{"name":"getReturnData","line":54,"loc":{"start":{"line":54,"column":4},"end":{"line":70,"column":4}}},"5":{"name":"revertWithData","line":73,"loc":{"start":{"line":73,"column":4},"end":{"line":77,"column":4}}},"6":{"name":"callAndRevert","line":79,"loc":{"start":{"line":79,"column":4},"end":{"line":88,"column":4}}}},"statementMap":{"1":{"start":{"line":84,"column":8},"end":{"line":84,"column":51}},"2":{"start":{"line":85,"column":8},"end":{"line":85,"column":2094}},"3":{"start":{"line":86,"column":12},"end":{"line":86,"column":48}}},"branchMap":{"1":{"line":85,"type":"if","locations":[{"start":{"line":85,"column":8},"end":{"line":85,"column":8}},{"start":{"line":85,"column":8},"end":{"line":85,"column":8}}]}}},"src/VerifyingPaymaster.sol":{"l":{"27":0,"43":0,"73":0,"75":0,"76":0,"77":0,"80":0,"86":0,"90":0,"95":0},"path":"/Users/lukewickens-pillar/Documents/etherspot-lite-contracts/src/VerifyingPaymaster.sol","s":{"1":0,"2":0,"3":0,"4":0,"5":0,"6":0,"7":0,"8":0},"b":{"1":[0,0],"2":[0,0],"3":[0,0]},"f":{"1":0,"2":0,"3":0},"fnMap":{"1":{"name":"constructor","line":25,"loc":{"start":{"line":24,"column":4},"end":{"line":28,"column":4}}},"2":{"name":"getHash","line":37,"loc":{"start":{"line":37,"column":4},"end":{"line":57,"column":4}}},"3":{"name":"validatePaymasterUserOp","line":63,"loc":{"start":{"line":63,"column":4},"end":{"line":96,"column":4}}}},"statementMap":{"1":{"start":{"line":43,"column":8},"end":{"line":43,"column":1655}},"2":{"start":{"line":75,"column":8},"end":{"line":75,"column":38}},"3":{"start":{"line":76,"column":8},"end":{"line":76,"column":65}},"4":{"start":{"line":77,"column":8},"end":{"line":77,"column":56}},"5":{"start":{"line":80,"column":8},"end":{"line":80,"column":2989}},"6":{"start":{"line":86,"column":8},"end":{"line":86,"column":3219}},"7":{"start":{"line":90,"column":12},"end":{"line":90,"column":26}},"8":{"start":{"line":95,"column":8},"end":{"line":95,"column":22}}},"branchMap":{"1":{"line":80,"type":"if","locations":[{"start":{"line":80,"column":8},"end":{"line":80,"column":8}},{"start":{"line":80,"column":8},"end":{"line":80,"column":8}}]},"2":{"line":81,"type":"cond-expr","locations":[{"start":{"line":81,"column":12},"end":{"line":81,"column":26}},{"start":{"line":81,"column":31},"end":{"line":81,"column":45}}]},"3":{"line":86,"type":"if","locations":[{"start":{"line":86,"column":8},"end":{"line":86,"column":8}},{"start":{"line":86,"column":8},"end":{"line":86,"column":8}}]}}}}